{"/Users/jacquesmetevier/wps/web/src/api/axios.ts": {"path":"/Users/jacquesmetevier/wps/web/src/api/axios.ts","statementMap":{"0":{"start":{"line":4,"column":17},"end":{"line":6,"column":2}},"1":{"start":{"line":8,"column":22},"end":{"line":10,"column":2}}},"fnMap":{},"branchMap":{},"s":{"0":23,"1":23},"f":{},"b":{},"_coverageSchema":"1a1c01bbd47fc00a2c39e90264f33305004495a9","hash":"906ad9193e9d85e787cc097decd91631508529f0"}
,"/Users/jacquesmetevier/wps/web/src/api/cHainesAPI.ts": {"path":"/Users/jacquesmetevier/wps/web/src/api/cHainesAPI.ts","statementMap":{"0":{"start":{"line":17,"column":14},"end":{"line":17,"column":51}},"1":{"start":{"line":18,"column":19},"end":{"line":22,"column":4}},"2":{"start":{"line":23,"column":2},"end":{"line":23,"column":13}},"3":{"start":{"line":27,"column":2},"end":{"line":29,"column":70}},"4":{"start":{"line":33,"column":2},"end":{"line":33,"column":48}},"5":{"start":{"line":37,"column":2},"end":{"line":37,"column":96}},"6":{"start":{"line":41,"column":2},"end":{"line":43,"column":90}},"7":{"start":{"line":47,"column":2},"end":{"line":49,"column":25}},"8":{"start":{"line":57,"column":14},"end":{"line":57,"column":60}},"9":{"start":{"line":58,"column":19},"end":{"line":60,"column":4}},"10":{"start":{"line":61,"column":2},"end":{"line":61,"column":13}}},"fnMap":{"0":{"name":"getModelRuns","decl":{"start":{"line":16,"column":22},"end":{"line":16,"column":34}},"loc":{"start":{"line":16,"column":91},"end":{"line":24,"column":1}},"line":16},"1":{"name":"getCHainesGeoJSONURI","decl":{"start":{"line":26,"column":16},"end":{"line":26,"column":36}},"loc":{"start":{"line":26,"column":119},"end":{"line":30,"column":1}},"line":26},"2":{"name":"getKMLNetworkLinkURI","decl":{"start":{"line":32,"column":16},"end":{"line":32,"column":36}},"loc":{"start":{"line":32,"column":47},"end":{"line":34,"column":1}},"line":32},"3":{"name":"getCHainesModelKMLURI","decl":{"start":{"line":36,"column":16},"end":{"line":36,"column":37}},"loc":{"start":{"line":36,"column":61},"end":{"line":38,"column":1}},"line":36},"4":{"name":"getCHainesKMLURI","decl":{"start":{"line":40,"column":16},"end":{"line":40,"column":32}},"loc":{"start":{"line":40,"column":115},"end":{"line":44,"column":1}},"line":40},"5":{"name":"getCHainesKMLModelRunURI","decl":{"start":{"line":46,"column":16},"end":{"line":46,"column":40}},"loc":{"start":{"line":46,"column":93},"end":{"line":50,"column":1}},"line":46},"6":{"name":"getCHainesGeoJSON","decl":{"start":{"line":52,"column":22},"end":{"line":52,"column":39}},"loc":{"start":{"line":56,"column":30},"end":{"line":62,"column":1}},"line":56}},"branchMap":{"0":{"loc":{"start":{"line":20,"column":27},"end":{"line":20,"column":99}},"type":"cond-expr","locations":[{"start":{"line":20,"column":49},"end":{"line":20,"column":92}},{"start":{"line":20,"column":95},"end":{"line":20,"column":99}}],"line":20}},"s":{"0":0,"1":0,"2":0,"3":0,"4":0,"5":0,"6":0,"7":0,"8":0,"9":0,"10":0},"f":{"0":0,"1":0,"2":0,"3":0,"4":0,"5":0,"6":0},"b":{"0":[0,0]},"_coverageSchema":"1a1c01bbd47fc00a2c39e90264f33305004495a9","hash":"fcd60f76406245aed8df7cae2d1cfb3f41f4cc2c"}
,"/Users/jacquesmetevier/wps/web/src/api/fbaAPI.ts": {"path":"/Users/jacquesmetevier/wps/web/src/api/fbaAPI.ts","statementMap":{"0":{"start":{"line":93,"column":14},"end":{"line":93,"column":33}},"1":{"start":{"line":95,"column":19},"end":{"line":95,"column":39}},"2":{"start":{"line":96,"column":2},"end":{"line":96,"column":13}},"3":{"start":{"line":104,"column":14},"end":{"line":104,"column":102}},"4":{"start":{"line":105,"column":19},"end":{"line":105,"column":39}},"5":{"start":{"line":106,"column":2},"end":{"line":106,"column":13}},"6":{"start":{"line":115,"column":14},"end":{"line":115,"column":104}},"7":{"start":{"line":116,"column":19},"end":{"line":116,"column":39}},"8":{"start":{"line":117,"column":2},"end":{"line":117,"column":13}},"9":{"start":{"line":121,"column":14},"end":{"line":121,"column":76}},"10":{"start":{"line":122,"column":19},"end":{"line":122,"column":39}},"11":{"start":{"line":123,"column":2},"end":{"line":123,"column":16}},"12":{"start":{"line":127,"column":14},"end":{"line":127,"column":76}},"13":{"start":{"line":128,"column":19},"end":{"line":128,"column":39}},"14":{"start":{"line":129,"column":2},"end":{"line":129,"column":13}},"15":{"start":{"line":138,"column":14},"end":{"line":138,"column":94}},"16":{"start":{"line":139,"column":19},"end":{"line":139,"column":39}},"17":{"start":{"line":140,"column":2},"end":{"line":140,"column":13}},"18":{"start":{"line":149,"column":14},"end":{"line":149,"column":114}},"19":{"start":{"line":150,"column":19},"end":{"line":150,"column":39}},"20":{"start":{"line":151,"column":2},"end":{"line":151,"column":13}},"21":{"start":{"line":161,"column":14},"end":{"line":161,"column":63}},"22":{"start":{"line":163,"column":2},"end":{"line":171,"column":6}},"23":{"start":{"line":166,"column":6},"end":{"line":166,"column":59}},"24":{"start":{"line":169,"column":6},"end":{"line":169,"column":26}},"25":{"start":{"line":170,"column":6},"end":{"line":170,"column":46}}},"fnMap":{"0":{"name":"getFBAFireCenters","decl":{"start":{"line":92,"column":22},"end":{"line":92,"column":39}},"loc":{"start":{"line":92,"column":64},"end":{"line":97,"column":1}},"line":92},"1":{"name":"getFireShapeAreas","decl":{"start":{"line":99,"column":22},"end":{"line":99,"column":39}},"loc":{"start":{"line":103,"column":38},"end":{"line":107,"column":1}},"line":103},"2":{"name":"getProvincialSummary","decl":{"start":{"line":110,"column":22},"end":{"line":110,"column":42}},"loc":{"start":{"line":114,"column":38},"end":{"line":118,"column":1}},"line":114},"3":{"name":"getMostRecentRunDate","decl":{"start":{"line":120,"column":22},"end":{"line":120,"column":42}},"loc":{"start":{"line":120,"column":97},"end":{"line":124,"column":1}},"line":120},"4":{"name":"getAllRunDates","decl":{"start":{"line":126,"column":22},"end":{"line":126,"column":36}},"loc":{"start":{"line":126,"column":95},"end":{"line":130,"column":1}},"line":126},"5":{"name":"getHFIThresholdsFuelTypesForZone","decl":{"start":{"line":132,"column":22},"end":{"line":132,"column":54}},"loc":{"start":{"line":137,"column":60},"end":{"line":141,"column":1}},"line":137},"6":{"name":"getFireZoneElevationInfo","decl":{"start":{"line":143,"column":22},"end":{"line":143,"column":46}},"loc":{"start":{"line":148,"column":42},"end":{"line":152,"column":1}},"line":148},"7":{"name":"getValueAtCoordinate","decl":{"start":{"line":154,"column":22},"end":{"line":154,"column":42}},"loc":{"start":{"line":160,"column":63},"end":{"line":172,"column":1}},"line":160},"8":{"name":"(anonymous_8)","decl":{"start":{"line":165,"column":10},"end":{"line":165,"column":11}},"loc":{"start":{"line":165,"column":22},"end":{"line":167,"column":5}},"line":165},"9":{"name":"(anonymous_9)","decl":{"start":{"line":168,"column":11},"end":{"line":168,"column":12}},"loc":{"start":{"line":168,"column":20},"end":{"line":171,"column":5}},"line":168}},"branchMap":{},"s":{"0":0,"1":0,"2":0,"3":0,"4":0,"5":0,"6":0,"7":0,"8":0,"9":0,"10":0,"11":0,"12":0,"13":0,"14":0,"15":0,"16":0,"17":0,"18":0,"19":0,"20":0,"21":0,"22":0,"23":0,"24":0,"25":0},"f":{"0":0,"1":0,"2":0,"3":0,"4":0,"5":0,"6":0,"7":0,"8":0,"9":0},"b":{},"_coverageSchema":"1a1c01bbd47fc00a2c39e90264f33305004495a9","hash":"26923065219da4d7668f3ba9cae87c65624d0735"}
,"/Users/jacquesmetevier/wps/web/src/api/fbaCalcAPI.ts": {"path":"/Users/jacquesmetevier/wps/web/src/api/fbaCalcAPI.ts","statementMap":{"0":{"start":{"line":60,"column":14},"end":{"line":60,"column":34}},"1":{"start":{"line":63,"column":2},"end":{"line":63,"column":92}},"2":{"start":{"line":63,"column":64},"end":{"line":63,"column":91}},"3":{"start":{"line":65,"column":19},"end":{"line":77,"column":4}},"4":{"start":{"line":67,"column":63},"end":{"line":76,"column":5}},"5":{"start":{"line":78,"column":2},"end":{"line":78,"column":13}}},"fnMap":{"0":{"name":"postFBAStations","decl":{"start":{"line":56,"column":22},"end":{"line":56,"column":37}},"loc":{"start":{"line":59,"column":39},"end":{"line":79,"column":1}},"line":59},"1":{"name":"(anonymous_1)","decl":{"start":{"line":63,"column":53},"end":{"line":63,"column":54}},"loc":{"start":{"line":63,"column":64},"end":{"line":63,"column":91}},"line":63},"2":{"name":"(anonymous_2)","decl":{"start":{"line":67,"column":39},"end":{"line":67,"column":40}},"loc":{"start":{"line":67,"column":63},"end":{"line":76,"column":5}},"line":67}},"branchMap":{},"s":{"0":0,"1":0,"2":0,"3":0,"4":0,"5":0},"f":{"0":0,"1":0,"2":0},"b":{},"_coverageSchema":"1a1c01bbd47fc00a2c39e90264f33305004495a9","hash":"754dc18ca5ce672aa6b89fd1298f7ee47e9f2455"}
,"/Users/jacquesmetevier/wps/web/src/api/forecastAPI.ts": {"path":"/Users/jacquesmetevier/wps/web/src/api/forecastAPI.ts","statementMap":{"0":{"start":{"line":32,"column":14},"end":{"line":32,"column":32}},"1":{"start":{"line":34,"column":19},"end":{"line":37,"column":4}},"2":{"start":{"line":39,"column":2},"end":{"line":39,"column":28}},"3":{"start":{"line":64,"column":14},"end":{"line":64,"column":42}},"4":{"start":{"line":65,"column":19},"end":{"line":68,"column":4}},"5":{"start":{"line":70,"column":2},"end":{"line":70,"column":23}}},"fnMap":{"0":{"name":"getNoonForecasts","decl":{"start":{"line":31,"column":22},"end":{"line":31,"column":38}},"loc":{"start":{"line":31,"column":108},"end":{"line":40,"column":1}},"line":31},"1":{"name":"getForecastSummaries","decl":{"start":{"line":60,"column":22},"end":{"line":60,"column":42}},"loc":{"start":{"line":63,"column":42},"end":{"line":71,"column":1}},"line":63}},"branchMap":{},"s":{"0":0,"1":0,"2":0,"3":0,"4":0,"5":0},"f":{"0":0,"1":0},"b":{}}
,"/Users/jacquesmetevier/wps/web/src/api/hfiCalculatorAPI.ts": {"path":"/Users/jacquesmetevier/wps/web/src/api/hfiCalculatorAPI.ts","statementMap":{"0":{"start":{"line":149,"column":16},"end":{"line":149,"column":28}},"1":{"start":{"line":152,"column":14},"end":{"line":152,"column":38}},"2":{"start":{"line":153,"column":19},"end":{"line":153,"column":39}},"3":{"start":{"line":155,"column":2},"end":{"line":155,"column":13}},"4":{"start":{"line":159,"column":19},"end":{"line":159,"column":99}},"5":{"start":{"line":160,"column":2},"end":{"line":160,"column":66}},"6":{"start":{"line":164,"column":15},"end":{"line":164,"column":73}},"7":{"start":{"line":165,"column":2},"end":{"line":165,"column":18}},"8":{"start":{"line":173,"column":14},"end":{"line":173,"column":102}},"9":{"start":{"line":175,"column":19},"end":{"line":175,"column":66}},"10":{"start":{"line":176,"column":2},"end":{"line":180,"column":5}},"11":{"start":{"line":176,"column":58},"end":{"line":180,"column":3}},"12":{"start":{"line":190,"column":4},"end":{"line":199,"column":12}},"13":{"start":{"line":201,"column":19},"end":{"line":201,"column":69}},"14":{"start":{"line":202,"column":2},"end":{"line":206,"column":3}},"15":{"start":{"line":214,"column":52},"end":{"line":227,"column":3}},"16":{"start":{"line":216,"column":46},"end":{"line":221,"column":5}},"17":{"start":{"line":222,"column":52},"end":{"line":226,"column":5}},"18":{"start":{"line":228,"column":21},"end":{"line":228,"column":78}},"19":{"start":{"line":229,"column":2},"end":{"line":229,"column":15}},"20":{"start":{"line":241,"column":4},"end":{"line":253,"column":12}},"21":{"start":{"line":255,"column":19},"end":{"line":255,"column":62}},"22":{"start":{"line":256,"column":2},"end":{"line":256,"column":66}},"23":{"start":{"line":268,"column":4},"end":{"line":280,"column":16}},"24":{"start":{"line":282,"column":19},"end":{"line":282,"column":62}},"25":{"start":{"line":283,"column":2},"end":{"line":283,"column":66}},"26":{"start":{"line":291,"column":14},"end":{"line":291,"column":91}},"27":{"start":{"line":293,"column":19},"end":{"line":293,"column":61}},"28":{"start":{"line":294,"column":2},"end":{"line":294,"column":66}},"29":{"start":{"line":306,"column":4},"end":{"line":318,"column":23}},"30":{"start":{"line":320,"column":19},"end":{"line":320,"column":62}},"31":{"start":{"line":321,"column":2},"end":{"line":321,"column":66}},"32":{"start":{"line":325,"column":61},"end":{"line":339,"column":5}},"33":{"start":{"line":325,"column":111},"end":{"line":339,"column":3}},"34":{"start":{"line":327,"column":55},"end":{"line":338,"column":5}},"35":{"start":{"line":329,"column":49},"end":{"line":336,"column":7}},"36":{"start":{"line":340,"column":2},"end":{"line":340,"column":37}},"37":{"start":{"line":344,"column":19},"end":{"line":349,"column":3}},"38":{"start":{"line":350,"column":19},"end":{"line":350,"column":84}},"39":{"start":{"line":351,"column":14},"end":{"line":351,"column":67}},"40":{"start":{"line":352,"column":15},"end":{"line":352,"column":42}},"41":{"start":{"line":353,"column":2},"end":{"line":353,"column":17}},"42":{"start":{"line":354,"column":2},"end":{"line":354,"column":41}},"43":{"start":{"line":355,"column":2},"end":{"line":355,"column":33}},"44":{"start":{"line":356,"column":2},"end":{"line":356,"column":14}}},"fnMap":{"0":{"name":"getHFIStations","decl":{"start":{"line":151,"column":22},"end":{"line":151,"column":36}},"loc":{"start":{"line":151,"column":76},"end":{"line":156,"column":1}},"line":151},"1":{"name":"loadDefaultHFIResult","decl":{"start":{"line":158,"column":22},"end":{"line":158,"column":42}},"loc":{"start":{"line":158,"column":95},"end":{"line":161,"column":1}},"line":158},"2":{"name":"getFuelTypes","decl":{"start":{"line":163,"column":22},"end":{"line":163,"column":34}},"loc":{"start":{"line":163,"column":65},"end":{"line":166,"column":1}},"line":163},"3":{"name":"getAllReadyStates","decl":{"start":{"line":168,"column":22},"end":{"line":168,"column":39}},"loc":{"start":{"line":172,"column":39},"end":{"line":181,"column":1}},"line":172},"4":{"name":"(anonymous_4)","decl":{"start":{"line":176,"column":31},"end":{"line":176,"column":32}},"loc":{"start":{"line":176,"column":58},"end":{"line":180,"column":3}},"line":176},"5":{"name":"toggleReadyState","decl":{"start":{"line":183,"column":22},"end":{"line":183,"column":38}},"loc":{"start":{"line":188,"column":37},"end":{"line":207,"column":1}},"line":188},"6":{"name":"updateStations","decl":{"start":{"line":209,"column":22},"end":{"line":209,"column":36}},"loc":{"start":{"line":213,"column":19},"end":{"line":230,"column":1}},"line":213},"7":{"name":"(anonymous_7)","decl":{"start":{"line":216,"column":29},"end":{"line":216,"column":30}},"loc":{"start":{"line":216,"column":46},"end":{"line":221,"column":5}},"line":216},"8":{"name":"(anonymous_8)","decl":{"start":{"line":222,"column":33},"end":{"line":222,"column":34}},"loc":{"start":{"line":222,"column":52},"end":{"line":226,"column":5}},"line":222},"9":{"name":"setStationSelected","decl":{"start":{"line":232,"column":22},"end":{"line":232,"column":40}},"loc":{"start":{"line":239,"column":30},"end":{"line":257,"column":1}},"line":239},"10":{"name":"setFuelType","decl":{"start":{"line":259,"column":22},"end":{"line":259,"column":33}},"loc":{"start":{"line":266,"column":30},"end":{"line":284,"column":1}},"line":266},"11":{"name":"getPrepDateRange","decl":{"start":{"line":286,"column":22},"end":{"line":286,"column":38}},"loc":{"start":{"line":290,"column":30},"end":{"line":295,"column":1}},"line":290},"12":{"name":"setNewFireStarts","decl":{"start":{"line":297,"column":22},"end":{"line":297,"column":38}},"loc":{"start":{"line":304,"column":30},"end":{"line":322,"column":1}},"line":304},"13":{"name":"buildResult","decl":{"start":{"line":324,"column":9},"end":{"line":324,"column":20}},"loc":{"start":{"line":324,"column":49},"end":{"line":341,"column":1}},"line":324},"14":{"name":"(anonymous_14)","decl":{"start":{"line":325,"column":96},"end":{"line":325,"column":97}},"loc":{"start":{"line":325,"column":111},"end":{"line":339,"column":3}},"line":325},"15":{"name":"(anonymous_15)","decl":{"start":{"line":327,"column":48},"end":{"line":327,"column":49}},"loc":{"start":{"line":327,"column":55},"end":{"line":338,"column":5}},"line":327},"16":{"name":"(anonymous_16)","decl":{"start":{"line":329,"column":30},"end":{"line":329,"column":31}},"loc":{"start":{"line":329,"column":49},"end":{"line":336,"column":7}},"line":329},"17":{"name":"getPDF","decl":{"start":{"line":343,"column":22},"end":{"line":343,"column":28}},"loc":{"start":{"line":343,"column":106},"end":{"line":357,"column":1}},"line":343}},"branchMap":{},"s":{"0":9,"1":0,"2":0,"3":0,"4":0,"5":0,"6":0,"7":0,"8":0,"9":0,"10":0,"11":0,"12":0,"13":0,"14":0,"15":0,"16":0,"17":0,"18":0,"19":0,"20":0,"21":0,"22":0,"23":0,"24":0,"25":0,"26":0,"27":0,"28":0,"29":0,"30":0,"31":0,"32":0,"33":0,"34":0,"35":0,"36":0,"37":0,"38":0,"39":0,"40":0,"41":0,"42":0,"43":0,"44":0},"f":{"0":0,"1":0,"2":0,"3":0,"4":0,"5":0,"6":0,"7":0,"8":0,"9":0,"10":0,"11":0,"12":0,"13":0,"14":0,"15":0,"16":0,"17":0},"b":{},"_coverageSchema":"1a1c01bbd47fc00a2c39e90264f33305004495a9","hash":"84f34b9c2a3fcc8239bf68f0faa0abf5e150128a"}
,"/Users/jacquesmetevier/wps/web/src/api/modelAPI.ts": {"path":"/Users/jacquesmetevier/wps/web/src/api/modelAPI.ts","statementMap":{"0":{"start":{"line":40,"column":14},"end":{"line":40,"column":63}},"1":{"start":{"line":41,"column":19},"end":{"line":44,"column":4}},"2":{"start":{"line":46,"column":2},"end":{"line":46,"column":23}},"3":{"start":{"line":100,"column":14},"end":{"line":100,"column":65}},"4":{"start":{"line":101,"column":19},"end":{"line":104,"column":4}},"5":{"start":{"line":106,"column":2},"end":{"line":106,"column":22}}},"fnMap":{"0":{"name":"getModelSummaries","decl":{"start":{"line":35,"column":22},"end":{"line":35,"column":39}},"loc":{"start":{"line":39,"column":39},"end":{"line":47,"column":1}},"line":39},"1":{"name":"getModelsWithBiasAdj","decl":{"start":{"line":95,"column":22},"end":{"line":95,"column":42}},"loc":{"start":{"line":99,"column":31},"end":{"line":107,"column":1}},"line":99}},"branchMap":{},"s":{"0":0,"1":0,"2":0,"3":0,"4":0,"5":0},"f":{"0":0,"1":0},"b":{}}
,"/Users/jacquesmetevier/wps/web/src/api/moreCast2API.ts": {"path":"/Users/jacquesmetevier/wps/web/src/api/moreCast2API.ts","statementMap":{"0":{"start":{"line":25,"column":45},"end":{"line":25,"column":62}},"1":{"start":{"line":46,"column":41},"end":{"line":60,"column":1}},"2":{"start":{"line":62,"column":48},"end":{"line":73,"column":1}},"3":{"start":{"line":110,"column":41},"end":{"line":124,"column":1}},"4":{"start":{"line":163,"column":41},"end":{"line":163,"column":108}},"5":{"start":{"line":163,"column":71},"end":{"line":163,"column":107}},"6":{"start":{"line":183,"column":47},"end":{"line":197,"column":1}},"7":{"start":{"line":184,"column":53},"end":{"line":195,"column":4}},"8":{"start":{"line":185,"column":4},"end":{"line":194,"column":5}},"9":{"start":{"line":196,"column":2},"end":{"line":196,"column":24}},"10":{"start":{"line":209,"column":26},"end":{"line":209,"column":68}},"11":{"start":{"line":210,"column":14},"end":{"line":210,"column":37}},"12":{"start":{"line":211,"column":2},"end":{"line":221,"column":3}},"13":{"start":{"line":212,"column":23},"end":{"line":215,"column":6}},"14":{"start":{"line":216,"column":4},"end":{"line":216,"column":38}},"15":{"start":{"line":219,"column":4},"end":{"line":219,"column":54}},"16":{"start":{"line":220,"column":4},"end":{"line":220,"column":71}},"17":{"start":{"line":229,"column":2},"end":{"line":236,"column":3}},"18":{"start":{"line":230,"column":4},"end":{"line":235,"column":5}},"19":{"start":{"line":237,"column":14},"end":{"line":237,"column":89}},"20":{"start":{"line":238,"column":19},"end":{"line":240,"column":4}},"21":{"start":{"line":241,"column":47},"end":{"line":246,"column":3}},"22":{"start":{"line":248,"column":2},"end":{"line":248,"column":16}},"23":{"start":{"line":251,"column":48},"end":{"line":278,"column":1}},"24":{"start":{"line":252,"column":31},"end":{"line":276,"column":4}},"25":{"start":{"line":253,"column":23},"end":{"line":253,"column":48}},"26":{"start":{"line":254,"column":4},"end":{"line":275,"column":5}},"27":{"start":{"line":277,"column":2},"end":{"line":277,"column":29}}},"fnMap":{"0":{"name":"(anonymous_0)","decl":{"start":{"line":163,"column":61},"end":{"line":163,"column":62}},"loc":{"start":{"line":163,"column":71},"end":{"line":163,"column":107}},"line":163},"1":{"name":"(anonymous_1)","decl":{"start":{"line":183,"column":47},"end":{"line":183,"column":48}},"loc":{"start":{"line":183,"column":113},"end":{"line":197,"column":1}},"line":183},"2":{"name":"(anonymous_2)","decl":{"start":{"line":184,"column":67},"end":{"line":184,"column":68}},"loc":{"start":{"line":184,"column":79},"end":{"line":195,"column":3}},"line":184},"3":{"name":"submitMoreCastForecastRecords","decl":{"start":{"line":205,"column":22},"end":{"line":205,"column":51}},"loc":{"start":{"line":208,"column":56},"end":{"line":222,"column":1}},"line":208},"4":{"name":"fetchWeatherIndeterminates","decl":{"start":{"line":224,"column":22},"end":{"line":224,"column":48}},"loc":{"start":{"line":228,"column":40},"end":{"line":249,"column":1}},"line":228},"5":{"name":"(anonymous_5)","decl":{"start":{"line":251,"column":48},"end":{"line":251,"column":49}},"loc":{"start":{"line":251,"column":98},"end":{"line":278,"column":1}},"line":251},"6":{"name":"(anonymous_6)","decl":{"start":{"line":252,"column":40},"end":{"line":252,"column":41}},"loc":{"start":{"line":252,"column":45},"end":{"line":276,"column":3}},"line":252}},"branchMap":{"0":{"loc":{"start":{"line":219,"column":18},"end":{"line":219,"column":53}},"type":"binary-expr","locations":[{"start":{"line":219,"column":18},"end":{"line":219,"column":44}},{"start":{"line":219,"column":48},"end":{"line":219,"column":53}}],"line":219},"1":{"loc":{"start":{"line":229,"column":2},"end":{"line":236,"column":3}},"type":"if","locations":[{"start":{"line":229,"column":2},"end":{"line":236,"column":3}},{"start":{},"end":{}}],"line":229},"2":{"loc":{"start":{"line":258,"column":19},"end":{"line":258,"column":87}},"type":"cond-expr","locations":[{"start":{"line":258,"column":32},"end":{"line":258,"column":59}},{"start":{"line":258,"column":62},"end":{"line":258,"column":87}}],"line":258},"3":{"loc":{"start":{"line":262,"column":21},"end":{"line":262,"column":74}},"type":"cond-expr","locations":[{"start":{"line":262,"column":34},"end":{"line":262,"column":57}},{"start":{"line":262,"column":60},"end":{"line":262,"column":74}}],"line":262},"4":{"loc":{"start":{"line":263,"column":25},"end":{"line":263,"column":70}},"type":"cond-expr","locations":[{"start":{"line":263,"column":38},"end":{"line":263,"column":57}},{"start":{"line":263,"column":60},"end":{"line":263,"column":70}}],"line":263},"5":{"loc":{"start":{"line":264,"column":19},"end":{"line":264,"column":68}},"type":"cond-expr","locations":[{"start":{"line":264,"column":32},"end":{"line":264,"column":53}},{"start":{"line":264,"column":56},"end":{"line":264,"column":68}}],"line":264},"6":{"loc":{"start":{"line":265,"column":22},"end":{"line":265,"column":89}},"type":"cond-expr","locations":[{"start":{"line":265,"column":35},"end":{"line":265,"column":65}},{"start":{"line":265,"column":68},"end":{"line":265,"column":89}}],"line":265},"7":{"loc":{"start":{"line":266,"column":18},"end":{"line":266,"column":77}},"type":"cond-expr","locations":[{"start":{"line":266,"column":31},"end":{"line":266,"column":57}},{"start":{"line":266,"column":60},"end":{"line":266,"column":77}}],"line":266},"8":{"loc":{"start":{"line":267,"column":31},"end":{"line":267,"column":88}},"type":"cond-expr","locations":[{"start":{"line":267,"column":44},"end":{"line":267,"column":69}},{"start":{"line":267,"column":72},"end":{"line":267,"column":88}}],"line":267},"9":{"loc":{"start":{"line":268,"column":26},"end":{"line":268,"column":81}},"type":"cond-expr","locations":[{"start":{"line":268,"column":39},"end":{"line":268,"column":63}},{"start":{"line":268,"column":66},"end":{"line":268,"column":81}}],"line":268},"10":{"loc":{"start":{"line":269,"column":20},"end":{"line":269,"column":73}},"type":"cond-expr","locations":[{"start":{"line":269,"column":33},"end":{"line":269,"column":56}},{"start":{"line":269,"column":59},"end":{"line":269,"column":73}}],"line":269},"11":{"loc":{"start":{"line":270,"column":28},"end":{"line":270,"column":83}},"type":"cond-expr","locations":[{"start":{"line":270,"column":41},"end":{"line":270,"column":65}},{"start":{"line":270,"column":68},"end":{"line":270,"column":83}}],"line":270},"12":{"loc":{"start":{"line":271,"column":22},"end":{"line":271,"column":77}},"type":"cond-expr","locations":[{"start":{"line":271,"column":35},"end":{"line":271,"column":59}},{"start":{"line":271,"column":62},"end":{"line":271,"column":77}}],"line":271},"13":{"loc":{"start":{"line":272,"column":26},"end":{"line":272,"column":81}},"type":"cond-expr","locations":[{"start":{"line":272,"column":39},"end":{"line":272,"column":63}},{"start":{"line":272,"column":66},"end":{"line":272,"column":81}}],"line":272},"14":{"loc":{"start":{"line":273,"column":21},"end":{"line":273,"column":56}},"type":"cond-expr","locations":[{"start":{"line":273,"column":34},"end":{"line":273,"column":38}},{"start":{"line":273,"column":41},"end":{"line":273,"column":56}}],"line":273},"15":{"loc":{"start":{"line":274,"column":20},"end":{"line":274,"column":83}},"type":"cond-expr","locations":[{"start":{"line":274,"column":33},"end":{"line":274,"column":61}},{"start":{"line":274,"column":64},"end":{"line":274,"column":83}}],"line":274}},"s":{"0":18,"1":18,"2":18,"3":18,"4":18,"5":234,"6":18,"7":2,"8":4,"9":2,"10":1,"11":1,"12":1,"13":1,"14":1,"15":0,"16":0,"17":2,"18":1,"19":1,"20":1,"21":1,"22":1,"23":18,"24":0,"25":0,"26":0,"27":0},"f":{"0":234,"1":2,"2":4,"3":1,"4":2,"5":0,"6":0},"b":{"0":[0,0],"1":[1,1],"2":[0,0],"3":[0,0],"4":[0,0],"5":[0,0],"6":[0,0],"7":[0,0],"8":[0,0],"9":[0,0],"10":[0,0],"11":[0,0],"12":[0,0],"13":[0,0],"14":[0,0],"15":[0,0]},"_coverageSchema":"1a1c01bbd47fc00a2c39e90264f33305004495a9","hash":"76e60d1eb4fad8b26e29251670942d9bd8c79bac"}
,"/Users/jacquesmetevier/wps/web/src/api/observationAPI.ts": {"path":"/Users/jacquesmetevier/wps/web/src/api/observationAPI.ts","statementMap":{"0":{"start":{"line":28,"column":14},"end":{"line":28,"column":30}},"1":{"start":{"line":29,"column":19},"end":{"line":32,"column":4}},"2":{"start":{"line":34,"column":2},"end":{"line":34,"column":22}}},"fnMap":{"0":{"name":"getObservations","decl":{"start":{"line":27,"column":22},"end":{"line":27,"column":37}},"loc":{"start":{"line":27,"column":110},"end":{"line":35,"column":1}},"line":27}},"branchMap":{},"s":{"0":0,"1":0,"2":0},"f":{"0":0},"b":{}}
,"/Users/jacquesmetevier/wps/web/src/api/percentileAPI.ts": {"path":"/Users/jacquesmetevier/wps/web/src/api/percentileAPI.ts","statementMap":{"0":{"start":{"line":44,"column":14},"end":{"line":44,"column":29}},"1":{"start":{"line":45,"column":19},"end":{"line":49,"column":4}},"2":{"start":{"line":51,"column":2},"end":{"line":51,"column":13}}},"fnMap":{"0":{"name":"getPercentiles","decl":{"start":{"line":39,"column":22},"end":{"line":39,"column":36}},"loc":{"start":{"line":43,"column":32},"end":{"line":52,"column":1}},"line":43}},"branchMap":{},"s":{"0":0,"1":0,"2":0},"f":{"0":0},"b":{},"_coverageSchema":"1a1c01bbd47fc00a2c39e90264f33305004495a9","hash":"50cce6f9c97de4a169aa6f620903290f60c16ba8"}
,"/Users/jacquesmetevier/wps/web/src/api/snow.ts": {"path":"/Users/jacquesmetevier/wps/web/src/api/snow.ts","statementMap":{"0":{"start":{"line":28,"column":2},"end":{"line":30,"column":3}},"1":{"start":{"line":29,"column":4},"end":{"line":29,"column":15}},"2":{"start":{"line":31,"column":14},"end":{"line":31,"column":63}},"3":{"start":{"line":32,"column":19},"end":{"line":32,"column":73}},"4":{"start":{"line":33,"column":2},"end":{"line":40,"column":3}},"5":{"start":{"line":34,"column":26},"end":{"line":34,"column":45}},"6":{"start":{"line":35,"column":4},"end":{"line":39,"column":5}},"7":{"start":{"line":41,"column":2},"end":{"line":41,"column":13}}},"fnMap":{"0":{"name":"getMostRecentProcessedSnowByDate","decl":{"start":{"line":27,"column":22},"end":{"line":27,"column":54}},"loc":{"start":{"line":27,"column":105},"end":{"line":42,"column":1}},"line":27}},"branchMap":{"0":{"loc":{"start":{"line":28,"column":2},"end":{"line":30,"column":3}},"type":"if","locations":[{"start":{"line":28,"column":2},"end":{"line":30,"column":3}},{"start":{},"end":{}}],"line":28},"1":{"loc":{"start":{"line":33,"column":2},"end":{"line":40,"column":3}},"type":"if","locations":[{"start":{"line":33,"column":2},"end":{"line":40,"column":3}},{"start":{},"end":{}}],"line":33}},"s":{"0":0,"1":0,"2":0,"3":0,"4":0,"5":0,"6":0,"7":0},"f":{"0":0},"b":{"0":[0,0],"1":[0,0]},"_coverageSchema":"1a1c01bbd47fc00a2c39e90264f33305004495a9","hash":"4a32be198dc8bf0380adef366e083af345a2339c"}
,"/Users/jacquesmetevier/wps/web/src/api/stationAPI.ts": {"path":"/Users/jacquesmetevier/wps/web/src/api/stationAPI.ts","statementMap":{"0":{"start":{"line":98,"column":12},"end":{"line":98,"column":24}},"1":{"start":{"line":104,"column":19},"end":{"line":104,"column":86}},"2":{"start":{"line":106,"column":2},"end":{"line":106,"column":22}},"3":{"start":{"line":113,"column":22},"end":{"line":113,"column":38}},"4":{"start":{"line":114,"column":19},"end":{"line":116,"column":4}},"5":{"start":{"line":118,"column":2},"end":{"line":118,"column":22}},"6":{"start":{"line":122,"column":19},"end":{"line":122,"column":33}},"7":{"start":{"line":123,"column":19},"end":{"line":123,"column":67}},"8":{"start":{"line":125,"column":2},"end":{"line":125,"column":20}},"9":{"start":{"line":129,"column":19},"end":{"line":129,"column":41}},"10":{"start":{"line":130,"column":19},"end":{"line":132,"column":4}},"11":{"start":{"line":134,"column":2},"end":{"line":134,"column":64}},"12":{"start":{"line":134,"column":42},"end":{"line":134,"column":63}}},"fnMap":{"0":{"name":"getStations","decl":{"start":{"line":100,"column":22},"end":{"line":100,"column":33}},"loc":{"start":{"line":103,"column":29},"end":{"line":107,"column":1}},"line":103},"1":{"name":"getDetailedStations","decl":{"start":{"line":109,"column":22},"end":{"line":109,"column":41}},"loc":{"start":{"line":112,"column":37},"end":{"line":119,"column":1}},"line":112},"2":{"name":"getStationGroups","decl":{"start":{"line":121,"column":22},"end":{"line":121,"column":38}},"loc":{"start":{"line":121,"column":66},"end":{"line":126,"column":1}},"line":121},"3":{"name":"getStationGroupsMembers","decl":{"start":{"line":128,"column":22},"end":{"line":128,"column":45}},"loc":{"start":{"line":128,"column":97},"end":{"line":135,"column":1}},"line":128},"4":{"name":"(anonymous_4)","decl":{"start":{"line":134,"column":31},"end":{"line":134,"column":32}},"loc":{"start":{"line":134,"column":42},"end":{"line":134,"column":63}},"line":134}},"branchMap":{"0":{"loc":{"start":{"line":101,"column":2},"end":{"line":101,"column":52}},"type":"default-arg","locations":[{"start":{"line":101,"column":26},"end":{"line":101,"column":52}}],"line":101},"1":{"loc":{"start":{"line":110,"column":2},"end":{"line":110,"column":52}},"type":"default-arg","locations":[{"start":{"line":110,"column":26},"end":{"line":110,"column":52}}],"line":110}},"s":{"0":9,"1":0,"2":0,"3":0,"4":0,"5":0,"6":0,"7":0,"8":0,"9":1,"10":1,"11":1,"12":1},"f":{"0":0,"1":0,"2":0,"3":1,"4":1},"b":{"0":[0],"1":[0]},"_coverageSchema":"1a1c01bbd47fc00a2c39e90264f33305004495a9","hash":"33d7ff6ce27f5e3790748da164316f116aeec5b7"}
,"/Users/jacquesmetevier/wps/web/src/commonSlices/fireCentersSlice.ts": {"path":"/Users/jacquesmetevier/wps/web/src/commonSlices/fireCentersSlice.ts","statementMap":{"0":{"start":{"line":13,"column":28},"end":{"line":17,"column":1}},"1":{"start":{"line":19,"column":25},"end":{"line":38,"column":2}},"2":{"start":{"line":24,"column":6},"end":{"line":24,"column":24}},"3":{"start":{"line":25,"column":6},"end":{"line":25,"column":26}},"4":{"start":{"line":26,"column":6},"end":{"line":26,"column":28}},"5":{"start":{"line":29,"column":6},"end":{"line":29,"column":34}},"6":{"start":{"line":30,"column":6},"end":{"line":30,"column":27}},"7":{"start":{"line":33,"column":6},"end":{"line":33,"column":24}},"8":{"start":{"line":34,"column":6},"end":{"line":34,"column":53}},"9":{"start":{"line":35,"column":6},"end":{"line":35,"column":27}},"10":{"start":{"line":40,"column":84},"end":{"line":40,"column":108}},"11":{"start":{"line":44,"column":32},"end":{"line":53,"column":1}},"12":{"start":{"line":44,"column":48},"end":{"line":53,"column":1}},"13":{"start":{"line":45,"column":2},"end":{"line":52,"column":3}},"14":{"start":{"line":46,"column":4},"end":{"line":46,"column":35}},"15":{"start":{"line":47,"column":24},"end":{"line":47,"column":49}},"16":{"start":{"line":48,"column":4},"end":{"line":48,"column":48}},"17":{"start":{"line":50,"column":4},"end":{"line":50,"column":61}},"18":{"start":{"line":51,"column":4},"end":{"line":51,"column":17}}},"fnMap":{"0":{"name":"(anonymous_0)","decl":{"start":{"line":23,"column":4},"end":{"line":23,"column":5}},"loc":{"start":{"line":23,"column":38},"end":{"line":27,"column":5}},"line":23},"1":{"name":"(anonymous_1)","decl":{"start":{"line":28,"column":4},"end":{"line":28,"column":5}},"loc":{"start":{"line":28,"column":70},"end":{"line":31,"column":5}},"line":28},"2":{"name":"(anonymous_2)","decl":{"start":{"line":32,"column":4},"end":{"line":32,"column":5}},"loc":{"start":{"line":32,"column":76},"end":{"line":36,"column":5}},"line":32},"3":{"name":"(anonymous_3)","decl":{"start":{"line":44,"column":32},"end":{"line":44,"column":33}},"loc":{"start":{"line":44,"column":48},"end":{"line":53,"column":1}},"line":44},"4":{"name":"(anonymous_4)","decl":{"start":{"line":44,"column":48},"end":{"line":44,"column":49}},"loc":{"start":{"line":44,"column":66},"end":{"line":53,"column":1}},"line":44}},"branchMap":{},"s":{"0":7,"1":7,"2":0,"3":0,"4":0,"5":0,"6":0,"7":0,"8":0,"9":0,"10":7,"11":7,"12":0,"13":0,"14":0,"15":0,"16":0,"17":0,"18":0},"f":{"0":0,"1":0,"2":0,"3":0,"4":0},"b":{},"_coverageSchema":"1a1c01bbd47fc00a2c39e90264f33305004495a9","hash":"d266ac4b3e9dd90964307ff0744554077487344a"}
,"/Users/jacquesmetevier/wps/web/src/commonSlices/selectedStationGroupMembers.ts": {"path":"/Users/jacquesmetevier/wps/web/src/commonSlices/selectedStationGroupMembers.ts","statementMap":{"0":{"start":{"line":13,"column":35},"end":{"line":17,"column":1}},"1":{"start":{"line":19,"column":42},"end":{"line":37,"column":2}},"2":{"start":{"line":24,"column":6},"end":{"line":24,"column":24}},"3":{"start":{"line":25,"column":6},"end":{"line":25,"column":26}},"4":{"start":{"line":28,"column":6},"end":{"line":28,"column":34}},"5":{"start":{"line":29,"column":6},"end":{"line":29,"column":27}},"6":{"start":{"line":32,"column":6},"end":{"line":32,"column":24}},"7":{"start":{"line":33,"column":6},"end":{"line":33,"column":36}},"8":{"start":{"line":34,"column":6},"end":{"line":34,"column":27}},"9":{"start":{"line":40,"column":2},"end":{"line":40,"column":43}},"10":{"start":{"line":45,"column":2},"end":{"line":55,"column":3}},"11":{"start":{"line":46,"column":2},"end":{"line":55,"column":3}},"12":{"start":{"line":47,"column":4},"end":{"line":54,"column":5}},"13":{"start":{"line":48,"column":6},"end":{"line":48,"column":46}},"14":{"start":{"line":49,"column":22},"end":{"line":49,"column":61}},"15":{"start":{"line":50,"column":6},"end":{"line":50,"column":55}},"16":{"start":{"line":52,"column":6},"end":{"line":52,"column":72}},"17":{"start":{"line":53,"column":6},"end":{"line":53,"column":19}}},"fnMap":{"0":{"name":"(anonymous_0)","decl":{"start":{"line":23,"column":4},"end":{"line":23,"column":5}},"loc":{"start":{"line":23,"column":47},"end":{"line":26,"column":5}},"line":23},"1":{"name":"(anonymous_1)","decl":{"start":{"line":27,"column":4},"end":{"line":27,"column":5}},"loc":{"start":{"line":27,"column":79},"end":{"line":30,"column":5}},"line":27},"2":{"name":"(anonymous_2)","decl":{"start":{"line":31,"column":4},"end":{"line":31,"column":5}},"loc":{"start":{"line":31,"column":94},"end":{"line":35,"column":5}},"line":31},"3":{"name":"(anonymous_3)","decl":{"start":{"line":45,"column":2},"end":{"line":45,"column":3}},"loc":{"start":{"line":46,"column":2},"end":{"line":55,"column":3}},"line":46},"4":{"name":"(anonymous_4)","decl":{"start":{"line":46,"column":2},"end":{"line":46,"column":3}},"loc":{"start":{"line":46,"column":20},"end":{"line":55,"column":3}},"line":46}},"branchMap":{},"s":{"0":8,"1":8,"2":1,"3":1,"4":1,"5":1,"6":2,"7":2,"8":2,"9":8,"10":8,"11":0,"12":0,"13":0,"14":0,"15":0,"16":0,"17":0},"f":{"0":1,"1":1,"2":2,"3":0,"4":0},"b":{},"_coverageSchema":"1a1c01bbd47fc00a2c39e90264f33305004495a9","hash":"fba48ebd6830a9fc786a7d311a162a543eb09ca8"}
,"/Users/jacquesmetevier/wps/web/src/commonSlices/stationGroupsSlice.ts": {"path":"/Users/jacquesmetevier/wps/web/src/commonSlices/stationGroupsSlice.ts","statementMap":{"0":{"start":{"line":13,"column":28},"end":{"line":17,"column":1}},"1":{"start":{"line":19,"column":27},"end":{"line":37,"column":2}},"2":{"start":{"line":24,"column":6},"end":{"line":24,"column":24}},"3":{"start":{"line":25,"column":6},"end":{"line":25,"column":26}},"4":{"start":{"line":28,"column":6},"end":{"line":28,"column":34}},"5":{"start":{"line":29,"column":6},"end":{"line":29,"column":27}},"6":{"start":{"line":32,"column":6},"end":{"line":32,"column":24}},"7":{"start":{"line":33,"column":6},"end":{"line":33,"column":35}},"8":{"start":{"line":34,"column":6},"end":{"line":34,"column":27}},"9":{"start":{"line":39,"column":90},"end":{"line":39,"column":116}},"10":{"start":{"line":43,"column":34},"end":{"line":52,"column":1}},"11":{"start":{"line":43,"column":50},"end":{"line":52,"column":1}},"12":{"start":{"line":44,"column":2},"end":{"line":51,"column":3}},"13":{"start":{"line":45,"column":4},"end":{"line":45,"column":37}},"14":{"start":{"line":46,"column":24},"end":{"line":46,"column":48}},"15":{"start":{"line":47,"column":4},"end":{"line":47,"column":50}},"16":{"start":{"line":49,"column":4},"end":{"line":49,"column":63}},"17":{"start":{"line":50,"column":4},"end":{"line":50,"column":17}}},"fnMap":{"0":{"name":"(anonymous_0)","decl":{"start":{"line":23,"column":4},"end":{"line":23,"column":5}},"loc":{"start":{"line":23,"column":40},"end":{"line":26,"column":5}},"line":23},"1":{"name":"(anonymous_1)","decl":{"start":{"line":27,"column":4},"end":{"line":27,"column":5}},"loc":{"start":{"line":27,"column":72},"end":{"line":30,"column":5}},"line":27},"2":{"name":"(anonymous_2)","decl":{"start":{"line":31,"column":4},"end":{"line":31,"column":5}},"loc":{"start":{"line":31,"column":81},"end":{"line":35,"column":5}},"line":31},"3":{"name":"(anonymous_3)","decl":{"start":{"line":43,"column":34},"end":{"line":43,"column":35}},"loc":{"start":{"line":43,"column":50},"end":{"line":52,"column":1}},"line":43},"4":{"name":"(anonymous_4)","decl":{"start":{"line":43,"column":50},"end":{"line":43,"column":51}},"loc":{"start":{"line":43,"column":68},"end":{"line":52,"column":1}},"line":43}},"branchMap":{},"s":{"0":7,"1":7,"2":0,"3":0,"4":0,"5":0,"6":0,"7":0,"8":0,"9":7,"10":7,"11":0,"12":0,"13":0,"14":0,"15":0,"16":0,"17":0},"f":{"0":0,"1":0,"2":0,"3":0,"4":0},"b":{},"_coverageSchema":"1a1c01bbd47fc00a2c39e90264f33305004495a9","hash":"c88e6ea0fd3a4177883ea80f3b41fcc81a6c7178"}
,"/Users/jacquesmetevier/wps/web/src/components/Button.tsx": {"path":"/Users/jacquesmetevier/wps/web/src/components/Button.tsx","statementMap":{"0":{"start":{"line":6,"column":15},"end":{"line":6,"column":23}},"1":{"start":{"line":8,"column":16},"end":{"line":11,"column":1}},"2":{"start":{"line":24,"column":22},"end":{"line":48,"column":2}},"3":{"start":{"line":25,"column":67},"end":{"line":25,"column":72}},"4":{"start":{"line":27,"column":18},"end":{"line":40,"column":5}},"5":{"start":{"line":27,"column":35},"end":{"line":40,"column":3}},"6":{"start":{"line":42,"column":2},"end":{"line":47,"column":3}}},"fnMap":{"0":{"name":"(anonymous_0)","decl":{"start":{"line":24,"column":59},"end":{"line":24,"column":60}},"loc":{"start":{"line":24,"column":75},"end":{"line":48,"column":1}},"line":24},"1":{"name":"(anonymous_1)","decl":{"start":{"line":27,"column":28},"end":{"line":27,"column":29}},"loc":{"start":{"line":27,"column":35},"end":{"line":40,"column":3}},"line":27}},"branchMap":{"0":{"loc":{"start":{"line":25,"column":29},"end":{"line":25,"column":46}},"type":"default-arg","locations":[{"start":{"line":25,"column":42},"end":{"line":25,"column":46}}],"line":25},"1":{"loc":{"start":{"line":33,"column":13},"end":{"line":33,"column":62}},"type":"binary-expr","locations":[{"start":{"line":33,"column":13},"end":{"line":33,"column":31}},{"start":{"line":33,"column":35},"end":{"line":33,"column":62}}],"line":33},"2":{"loc":{"start":{"line":43,"column":65},"end":{"line":43,"column":84}},"type":"binary-expr","locations":[{"start":{"line":43,"column":65},"end":{"line":43,"column":73}},{"start":{"line":43,"column":77},"end":{"line":43,"column":84}}],"line":43},"3":{"loc":{"start":{"line":45,"column":7},"end":{"line":45,"column":90}},"type":"binary-expr","locations":[{"start":{"line":45,"column":7},"end":{"line":45,"column":14}},{"start":{"line":45,"column":18},"end":{"line":45,"column":28}},{"start":{"line":45,"column":32},"end":{"line":45,"column":90}}],"line":45}},"s":{"0":1,"1":1,"2":1,"3":0,"4":0,"5":0,"6":0},"f":{"0":0,"1":0},"b":{"0":[0],"1":[0,0],"2":[0,0],"3":[0,0,0]},"_coverageSchema":"1a1c01bbd47fc00a2c39e90264f33305004495a9","hash":"a052b0a879f5646838118ab0c4c118490f5a0a08"}
,"/Users/jacquesmetevier/wps/web/src/components/Contact.tsx": {"path":"/Users/jacquesmetevier/wps/web/src/components/Contact.tsx","statementMap":{"0":{"start":{"line":3,"column":15},"end":{"line":3,"column":24}},"1":{"start":{"line":5,"column":16},"end":{"line":8,"column":1}},"2":{"start":{"line":10,"column":13},"end":{"line":23,"column":2}},"3":{"start":{"line":29,"column":16},"end":{"line":44,"column":1}},"4":{"start":{"line":30,"column":22},"end":{"line":30,"column":39}},"5":{"start":{"line":32,"column":2},"end":{"line":43,"column":3}}},"fnMap":{"0":{"name":"(anonymous_0)","decl":{"start":{"line":29,"column":16},"end":{"line":29,"column":17}},"loc":{"start":{"line":29,"column":34},"end":{"line":44,"column":1}},"line":29}},"branchMap":{},"s":{"0":1,"1":1,"2":1,"3":1,"4":0,"5":0},"f":{"0":0},"b":{},"_coverageSchema":"1a1c01bbd47fc00a2c39e90264f33305004495a9","hash":"1b75cf3fccfc243c81d809243649e5d56cfad2c7"}
,"/Users/jacquesmetevier/wps/web/src/components/Container.tsx": {"path":"/Users/jacquesmetevier/wps/web/src/components/Container.tsx","statementMap":{"0":{"start":{"line":4,"column":66},"end":{"line":6,"column":1}},"1":{"start":{"line":5,"column":2},"end":{"line":5,"column":39}},"2":{"start":{"line":9,"column":33},"end":{"line":15,"column":1}},"3":{"start":{"line":10,"column":2},"end":{"line":12,"column":3}},"4":{"start":{"line":11,"column":4},"end":{"line":11,"column":66}},"5":{"start":{"line":14,"column":2},"end":{"line":14,"column":39}}},"fnMap":{"0":{"name":"(anonymous_0)","decl":{"start":{"line":4,"column":66},"end":{"line":4,"column":67}},"loc":{"start":{"line":4,"column":93},"end":{"line":6,"column":1}},"line":4},"1":{"name":"(anonymous_1)","decl":{"start":{"line":9,"column":33},"end":{"line":9,"column":34}},"loc":{"start":{"line":9,"column":81},"end":{"line":15,"column":1}},"line":9}},"branchMap":{"0":{"loc":{"start":{"line":10,"column":2},"end":{"line":12,"column":3}},"type":"if","locations":[{"start":{"line":10,"column":2},"end":{"line":12,"column":3}},{"start":{},"end":{}}],"line":10}},"s":{"0":1,"1":0,"2":1,"3":0,"4":0,"5":0},"f":{"0":0,"1":0},"b":{"0":[0,0]},"_coverageSchema":"1a1c01bbd47fc00a2c39e90264f33305004495a9","hash":"0d0600d72ac982f872716d4148022c30ae2e900a"}
,"/Users/jacquesmetevier/wps/web/src/components/DateRangeSelector.tsx": {"path":"/Users/jacquesmetevier/wps/web/src/components/DateRangeSelector.tsx","statementMap":{"0":{"start":{"line":20,"column":26},"end":{"line":71,"column":1}},"1":{"start":{"line":21,"column":20},"end":{"line":21,"column":86}},"2":{"start":{"line":22,"column":18},"end":{"line":22,"column":80}},"3":{"start":{"line":24,"column":56},"end":{"line":24,"column":80}},"4":{"start":{"line":25,"column":32},"end":{"line":25,"column":82}},"5":{"start":{"line":25,"column":38},"end":{"line":25,"column":82}},"6":{"start":{"line":27,"column":2},"end":{"line":70,"column":3}},"7":{"start":{"line":32,"column":23},"end":{"line":32,"column":67}},"8":{"start":{"line":41,"column":25},"end":{"line":41,"column":69}},"9":{"start":{"line":66,"column":29},"end":{"line":66,"column":48}}},"fnMap":{"0":{"name":"(anonymous_0)","decl":{"start":{"line":20,"column":26},"end":{"line":20,"column":27}},"loc":{"start":{"line":20,"column":115},"end":{"line":71,"column":1}},"line":20},"1":{"name":"(anonymous_1)","decl":{"start":{"line":25,"column":32},"end":{"line":25,"column":33}},"loc":{"start":{"line":25,"column":38},"end":{"line":25,"column":82}},"line":25},"2":{"name":"(anonymous_2)","decl":{"start":{"line":32,"column":17},"end":{"line":32,"column":18}},"loc":{"start":{"line":32,"column":23},"end":{"line":32,"column":67}},"line":32},"3":{"name":"(anonymous_3)","decl":{"start":{"line":41,"column":19},"end":{"line":41,"column":20}},"loc":{"start":{"line":41,"column":25},"end":{"line":41,"column":69}},"line":41},"4":{"name":"(anonymous_4)","decl":{"start":{"line":66,"column":20},"end":{"line":66,"column":21}},"loc":{"start":{"line":66,"column":29},"end":{"line":66,"column":48}},"line":66}},"branchMap":{"0":{"loc":{"start":{"line":21,"column":20},"end":{"line":21,"column":86}},"type":"cond-expr","locations":[{"start":{"line":21,"column":55},"end":{"line":21,"column":74}},{"start":{"line":21,"column":77},"end":{"line":21,"column":86}}],"line":21},"1":{"loc":{"start":{"line":21,"column":20},"end":{"line":21,"column":52}},"type":"binary-expr","locations":[{"start":{"line":21,"column":20},"end":{"line":21,"column":29}},{"start":{"line":21,"column":33},"end":{"line":21,"column":52}}],"line":21},"2":{"loc":{"start":{"line":22,"column":18},"end":{"line":22,"column":80}},"type":"cond-expr","locations":[{"start":{"line":22,"column":51},"end":{"line":22,"column":68}},{"start":{"line":22,"column":71},"end":{"line":22,"column":80}}],"line":22},"3":{"loc":{"start":{"line":22,"column":18},"end":{"line":22,"column":48}},"type":"binary-expr","locations":[{"start":{"line":22,"column":18},"end":{"line":22,"column":27}},{"start":{"line":22,"column":31},"end":{"line":22,"column":48}}],"line":22},"4":{"loc":{"start":{"line":43,"column":12},"end":{"line":48,"column":25}},"type":"cond-expr","locations":[{"start":{"line":44,"column":16},"end":{"line":44,"column":18}},{"start":{"line":45,"column":16},"end":{"line":48,"column":25}}],"line":43},"5":{"loc":{"start":{"line":43,"column":12},"end":{"line":43,"column":104}},"type":"binary-expr","locations":[{"start":{"line":43,"column":12},"end":{"line":43,"column":34}},{"start":{"line":43,"column":38},"end":{"line":43,"column":70}},{"start":{"line":43,"column":74},"end":{"line":43,"column":104}}],"line":43}},"s":{"0":1,"1":2,"2":2,"3":2,"4":2,"5":0,"6":2,"7":0,"8":0,"9":0},"f":{"0":2,"1":0,"2":0,"3":0,"4":0},"b":{"0":[0,2],"1":[2,2],"2":[0,2],"3":[2,2],"4":[2,0],"5":[2,2,0]},"_coverageSchema":"1a1c01bbd47fc00a2c39e90264f33305004495a9","hash":"7eea664fba65fadf9cb38216a4f151f04ed45dff"}
,"/Users/jacquesmetevier/wps/web/src/components/ErrorBoundary.tsx": {"path":"/Users/jacquesmetevier/wps/web/src/components/ErrorBoundary.tsx","statementMap":{"0":{"start":{"line":15,"column":30},"end":{"line":15,"column":49}},"1":{"start":{"line":18,"column":4},"end":{"line":18,"column":29}},"2":{"start":{"line":22,"column":25},"end":{"line":22,"column":35}},"3":{"start":{"line":24,"column":4},"end":{"line":51,"column":5}},"4":{"start":{"line":26,"column":6},"end":{"line":50,"column":7}},"5":{"start":{"line":43,"column":16},"end":{"line":43,"column":40}},"6":{"start":{"line":53,"column":4},"end":{"line":53,"column":30}}},"fnMap":{"0":{"name":"(anonymous_0)","decl":{"start":{"line":17,"column":2},"end":{"line":17,"column":3}},"loc":{"start":{"line":17,"column":36},"end":{"line":19,"column":3}},"line":17},"1":{"name":"(anonymous_1)","decl":{"start":{"line":21,"column":2},"end":{"line":21,"column":3}},"loc":{"start":{"line":21,"column":11},"end":{"line":54,"column":3}},"line":21},"2":{"name":"(anonymous_2)","decl":{"start":{"line":42,"column":23},"end":{"line":42,"column":24}},"loc":{"start":{"line":42,"column":29},"end":{"line":44,"column":15}},"line":42}},"branchMap":{"0":{"loc":{"start":{"line":24,"column":4},"end":{"line":51,"column":5}},"type":"if","locations":[{"start":{"line":24,"column":4},"end":{"line":51,"column":5}},{"start":{},"end":{}}],"line":24}},"s":{"0":1,"1":0,"2":2,"3":2,"4":0,"5":0,"6":2},"f":{"0":0,"1":2,"2":0},"b":{"0":[0,2]},"_coverageSchema":"1a1c01bbd47fc00a2c39e90264f33305004495a9","hash":"edf3457210d0eed970d76ea531eb2372e050d0e2"}
,"/Users/jacquesmetevier/wps/web/src/components/ErrorMessage.tsx": {"path":"/Users/jacquesmetevier/wps/web/src/components/ErrorMessage.tsx","statementMap":{"0":{"start":{"line":5,"column":15},"end":{"line":5,"column":29}},"1":{"start":{"line":7,"column":16},"end":{"line":9,"column":1}},"2":{"start":{"line":11,"column":13},"end":{"line":17,"column":3}},"3":{"start":{"line":11,"column":34},"end":{"line":17,"column":1}},"4":{"start":{"line":14,"column":33},"end":{"line":14,"column":48}},"5":{"start":{"line":15,"column":36},"end":{"line":15,"column":54}},"6":{"start":{"line":27,"column":19},"end":{"line":37,"column":1}},"7":{"start":{"line":28,"column":2},"end":{"line":30,"column":3}},"8":{"start":{"line":29,"column":4},"end":{"line":29,"column":18}},"9":{"start":{"line":32,"column":2},"end":{"line":34,"column":3}},"10":{"start":{"line":33,"column":4},"end":{"line":33,"column":41}},"11":{"start":{"line":36,"column":2},"end":{"line":36,"column":26}},"12":{"start":{"line":39,"column":60},"end":{"line":47,"column":1}},"13":{"start":{"line":40,"column":18},"end":{"line":40,"column":35}},"14":{"start":{"line":42,"column":2},"end":{"line":46,"column":3}}},"fnMap":{"0":{"name":"(anonymous_0)","decl":{"start":{"line":11,"column":27},"end":{"line":11,"column":28}},"loc":{"start":{"line":11,"column":34},"end":{"line":17,"column":1}},"line":11},"1":{"name":"(anonymous_1)","decl":{"start":{"line":14,"column":15},"end":{"line":14,"column":16}},"loc":{"start":{"line":14,"column":33},"end":{"line":14,"column":48}},"line":14},"2":{"name":"(anonymous_2)","decl":{"start":{"line":15,"column":18},"end":{"line":15,"column":19}},"loc":{"start":{"line":15,"column":36},"end":{"line":15,"column":54}},"line":15},"3":{"name":"(anonymous_3)","decl":{"start":{"line":27,"column":19},"end":{"line":27,"column":20}},"loc":{"start":{"line":27,"column":52},"end":{"line":37,"column":1}},"line":27},"4":{"name":"(anonymous_4)","decl":{"start":{"line":39,"column":60},"end":{"line":39,"column":61}},"loc":{"start":{"line":39,"column":78},"end":{"line":47,"column":1}},"line":39}},"branchMap":{"0":{"loc":{"start":{"line":28,"column":2},"end":{"line":30,"column":3}},"type":"if","locations":[{"start":{"line":28,"column":2},"end":{"line":30,"column":3}},{"start":{},"end":{}}],"line":28},"1":{"loc":{"start":{"line":32,"column":2},"end":{"line":34,"column":3}},"type":"if","locations":[{"start":{"line":32,"column":2},"end":{"line":34,"column":3}},{"start":{},"end":{}}],"line":32}},"s":{"0":1,"1":1,"2":1,"3":0,"4":0,"5":0,"6":1,"7":0,"8":0,"9":0,"10":0,"11":0,"12":1,"13":0,"14":0},"f":{"0":0,"1":0,"2":0,"3":0,"4":0},"b":{"0":[0,0],"1":[0,0]},"_coverageSchema":"1a1c01bbd47fc00a2c39e90264f33305004495a9","hash":"6765a6939b96c23689d1ca5bbfde3d328b7d9581"}
,"/Users/jacquesmetevier/wps/web/src/components/FeedbackButton.tsx": {"path":"/Users/jacquesmetevier/wps/web/src/components/FeedbackButton.tsx","statementMap":{"0":{"start":{"line":6,"column":23},"end":{"line":27,"column":1}},"1":{"start":{"line":7,"column":19},"end":{"line":7,"column":65}},"2":{"start":{"line":9,"column":2},"end":{"line":11,"column":3}},"3":{"start":{"line":10,"column":4},"end":{"line":10,"column":15}},"4":{"start":{"line":13,"column":2},"end":{"line":26,"column":3}},"5":{"start":{"line":19,"column":21},"end":{"line":19,"column":50}},"6":{"start":{"line":20,"column":8},"end":{"line":20,"column":26}},"7":{"start":{"line":21,"column":8},"end":{"line":21,"column":19}}},"fnMap":{"0":{"name":"(anonymous_0)","decl":{"start":{"line":6,"column":23},"end":{"line":6,"column":24}},"loc":{"start":{"line":6,"column":72},"end":{"line":27,"column":1}},"line":6},"1":{"name":"(anonymous_1)","decl":{"start":{"line":18,"column":15},"end":{"line":18,"column":16}},"loc":{"start":{"line":18,"column":27},"end":{"line":22,"column":7}},"line":18}},"branchMap":{"0":{"loc":{"start":{"line":9,"column":2},"end":{"line":11,"column":3}},"type":"if","locations":[{"start":{"line":9,"column":2},"end":{"line":11,"column":3}},{"start":{},"end":{}}],"line":9}},"s":{"0":0,"1":0,"2":0,"3":0,"4":0,"5":0,"6":0,"7":0},"f":{"0":0,"1":0},"b":{"0":[0,0]}}
,"/Users/jacquesmetevier/wps/web/src/components/FilterColumnsModal.tsx": {"path":"/Users/jacquesmetevier/wps/web/src/components/FilterColumnsModal.tsx","statementMap":{"0":{"start":{"line":17,"column":15},"end":{"line":17,"column":35}},"1":{"start":{"line":19,"column":20},"end":{"line":23,"column":2}},"2":{"start":{"line":25,"column":23},"end":{"line":30,"column":2}},"3":{"start":{"line":32,"column":21},"end":{"line":37,"column":2}},"4":{"start":{"line":52,"column":34},"end":{"line":129,"column":1}},"5":{"start":{"line":54,"column":34},"end":{"line":54,"column":100}},"6":{"start":{"line":56,"column":22},"end":{"line":58,"column":3}},"7":{"start":{"line":57,"column":4},"end":{"line":57,"column":29}},"8":{"start":{"line":60,"column":30},"end":{"line":68,"column":3}},"9":{"start":{"line":61,"column":33},"end":{"line":65,"column":8}},"10":{"start":{"line":62,"column":22},"end":{"line":62,"column":27}},"11":{"start":{"line":64,"column":8},"end":{"line":64,"column":35}},"12":{"start":{"line":66,"column":4},"end":{"line":66,"column":46}},"13":{"start":{"line":67,"column":4},"end":{"line":67,"column":29}},"14":{"start":{"line":70,"column":30},"end":{"line":79,"column":3}},"15":{"start":{"line":71,"column":4},"end":{"line":77,"column":5}},"16":{"start":{"line":73,"column":6},"end":{"line":73,"column":25}},"17":{"start":{"line":74,"column":11},"end":{"line":77,"column":5}},"18":{"start":{"line":76,"column":6},"end":{"line":76,"column":28}},"19":{"start":{"line":78,"column":4},"end":{"line":78,"column":34}},"20":{"start":{"line":81,"column":2},"end":{"line":128,"column":3}},"21":{"start":{"line":93,"column":14},"end":{"line":108,"column":15}},"22":{"start":{"line":99,"column":22},"end":{"line":99,"column":48}}},"fnMap":{"0":{"name":"(anonymous_0)","decl":{"start":{"line":52,"column":34},"end":{"line":52,"column":35}},"loc":{"start":{"line":52,"column":70},"end":{"line":129,"column":1}},"line":52},"1":{"name":"(anonymous_1)","decl":{"start":{"line":56,"column":22},"end":{"line":56,"column":23}},"loc":{"start":{"line":56,"column":28},"end":{"line":58,"column":3}},"line":56},"2":{"name":"(anonymous_2)","decl":{"start":{"line":60,"column":30},"end":{"line":60,"column":31}},"loc":{"start":{"line":60,"column":36},"end":{"line":68,"column":3}},"line":60},"3":{"name":"(anonymous_3)","decl":{"start":{"line":62,"column":12},"end":{"line":62,"column":13}},"loc":{"start":{"line":62,"column":22},"end":{"line":62,"column":27}},"line":62},"4":{"name":"(anonymous_4)","decl":{"start":{"line":63,"column":11},"end":{"line":63,"column":12}},"loc":{"start":{"line":63,"column":20},"end":{"line":65,"column":7}},"line":63},"5":{"name":"(anonymous_5)","decl":{"start":{"line":70,"column":30},"end":{"line":70,"column":31}},"loc":{"start":{"line":70,"column":49},"end":{"line":79,"column":3}},"line":70},"6":{"name":"(anonymous_6)","decl":{"start":{"line":92,"column":31},"end":{"line":92,"column":32}},"loc":{"start":{"line":92,"column":50},"end":{"line":109,"column":13}},"line":92},"7":{"name":"(anonymous_7)","decl":{"start":{"line":98,"column":29},"end":{"line":98,"column":30}},"loc":{"start":{"line":98,"column":35},"end":{"line":100,"column":21}},"line":98}},"branchMap":{"0":{"loc":{"start":{"line":71,"column":4},"end":{"line":77,"column":5}},"type":"if","locations":[{"start":{"line":71,"column":4},"end":{"line":77,"column":5}},{"start":{"line":74,"column":11},"end":{"line":77,"column":5}}],"line":71},"1":{"loc":{"start":{"line":74,"column":11},"end":{"line":77,"column":5}},"type":"if","locations":[{"start":{"line":74,"column":11},"end":{"line":77,"column":5}},{"start":{},"end":{}}],"line":74}},"s":{"0":0,"1":0,"2":0,"3":0,"4":0,"5":0,"6":0,"7":0,"8":0,"9":0,"10":0,"11":0,"12":0,"13":0,"14":0,"15":0,"16":0,"17":0,"18":0,"19":0,"20":0,"21":0,"22":0},"f":{"0":0,"1":0,"2":0,"3":0,"4":0,"5":0,"6":0,"7":0},"b":{"0":[0,0],"1":[0,0]}}
,"/Users/jacquesmetevier/wps/web/src/components/FireCenterDropdown.tsx": {"path":"/Users/jacquesmetevier/wps/web/src/components/FireCenterDropdown.tsx","statementMap":{"0":{"start":{"line":12,"column":27},"end":{"line":30,"column":1}},"1":{"start":{"line":14,"column":24},"end":{"line":18,"column":3}},"2":{"start":{"line":15,"column":4},"end":{"line":17,"column":5}},"3":{"start":{"line":16,"column":6},"end":{"line":16,"column":40}},"4":{"start":{"line":20,"column":2},"end":{"line":29,"column":3}},"5":{"start":{"line":24,"column":32},"end":{"line":24,"column":44}},"6":{"start":{"line":25,"column":29},"end":{"line":25,"column":100}}},"fnMap":{"0":{"name":"(anonymous_0)","decl":{"start":{"line":12,"column":27},"end":{"line":12,"column":28}},"loc":{"start":{"line":12,"column":63},"end":{"line":30,"column":1}},"line":12},"1":{"name":"(anonymous_1)","decl":{"start":{"line":14,"column":24},"end":{"line":14,"column":25}},"loc":{"start":{"line":14,"column":73},"end":{"line":18,"column":3}},"line":14},"2":{"name":"(anonymous_2)","decl":{"start":{"line":24,"column":22},"end":{"line":24,"column":23}},"loc":{"start":{"line":24,"column":32},"end":{"line":24,"column":44}},"line":24},"3":{"name":"(anonymous_3)","decl":{"start":{"line":25,"column":19},"end":{"line":25,"column":20}},"loc":{"start":{"line":25,"column":29},"end":{"line":25,"column":100}},"line":25}},"branchMap":{"0":{"loc":{"start":{"line":15,"column":4},"end":{"line":17,"column":5}},"type":"if","locations":[{"start":{"line":15,"column":4},"end":{"line":17,"column":5}},{"start":{},"end":{}}],"line":15},"1":{"loc":{"start":{"line":27,"column":13},"end":{"line":27,"column":45}},"type":"binary-expr","locations":[{"start":{"line":27,"column":13},"end":{"line":27,"column":37}},{"start":{"line":27,"column":41},"end":{"line":27,"column":45}}],"line":27}},"s":{"0":1,"1":0,"2":0,"3":0,"4":0,"5":0,"6":0},"f":{"0":0,"1":0,"2":0,"3":0},"b":{"0":[0,0],"1":[0,0]},"_coverageSchema":"1a1c01bbd47fc00a2c39e90264f33305004495a9","hash":"f197ef15ca10a3c4fea1fd1067bcc9619b5879a3"}
,"/Users/jacquesmetevier/wps/web/src/components/FireTable.tsx": {"path":"/Users/jacquesmetevier/wps/web/src/components/FireTable.tsx","statementMap":{"0":{"start":{"line":6,"column":15},"end":{"line":6,"column":26}},"1":{"start":{"line":8,"column":16},"end":{"line":10,"column":1}},"2":{"start":{"line":12,"column":20},"end":{"line":18,"column":3}},"3":{"start":{"line":12,"column":41},"end":{"line":18,"column":1}},"4":{"start":{"line":26,"column":18},"end":{"line":40,"column":1}},"5":{"start":{"line":27,"column":2},"end":{"line":39,"column":3}}},"fnMap":{"0":{"name":"(anonymous_0)","decl":{"start":{"line":12,"column":34},"end":{"line":12,"column":35}},"loc":{"start":{"line":12,"column":41},"end":{"line":18,"column":1}},"line":12},"1":{"name":"(anonymous_1)","decl":{"start":{"line":26,"column":18},"end":{"line":26,"column":19}},"loc":{"start":{"line":26,"column":45},"end":{"line":40,"column":1}},"line":26}},"branchMap":{},"s":{"0":1,"1":1,"2":1,"3":1,"4":1,"5":1},"f":{"0":1,"1":1},"b":{},"_coverageSchema":"1a1c01bbd47fc00a2c39e90264f33305004495a9","hash":"59f3efe09b1be2693e891e7e712467ad4f2f9369"}
,"/Users/jacquesmetevier/wps/web/src/components/GeneralHeader.tsx": {"path":"/Users/jacquesmetevier/wps/web/src/components/GeneralHeader.tsx","statementMap":{"0":{"start":{"line":9,"column":15},"end":{"line":9,"column":30}},"1":{"start":{"line":11,"column":16},"end":{"line":17,"column":1}},"2":{"start":{"line":19,"column":13},"end":{"line":51,"column":3}},"3":{"start":{"line":19,"column":43},"end":{"line":51,"column":1}},"4":{"start":{"line":61,"column":29},"end":{"line":78,"column":2}},"5":{"start":{"line":62,"column":42},"end":{"line":62,"column":47}},"6":{"start":{"line":63,"column":2},"end":{"line":63,"column":45}},"7":{"start":{"line":65,"column":2},"end":{"line":77,"column":3}}},"fnMap":{"0":{"name":"(anonymous_0)","decl":{"start":{"line":19,"column":27},"end":{"line":19,"column":28}},"loc":{"start":{"line":19,"column":43},"end":{"line":51,"column":1}},"line":19},"1":{"name":"(anonymous_1)","decl":{"start":{"line":61,"column":46},"end":{"line":61,"column":47}},"loc":{"start":{"line":61,"column":105},"end":{"line":78,"column":1}},"line":61}},"branchMap":{"0":{"loc":{"start":{"line":71,"column":11},"end":{"line":71,"column":67}},"type":"binary-expr","locations":[{"start":{"line":71,"column":11},"end":{"line":71,"column":23}},{"start":{"line":71,"column":27},"end":{"line":71,"column":67}}],"line":71}},"s":{"0":1,"1":1,"2":1,"3":0,"4":1,"5":0,"6":0,"7":0},"f":{"0":0,"1":0},"b":{"0":[0,0]},"_coverageSchema":"1a1c01bbd47fc00a2c39e90264f33305004495a9","hash":"4a2838162fc9f4b559a9be8bdc94af19085a6499"}
,"/Users/jacquesmetevier/wps/web/src/components/Grid.tsx": {"path":"/Users/jacquesmetevier/wps/web/src/components/Grid.tsx","statementMap":{"0":{"start":{"line":4,"column":65},"end":{"line":6,"column":1}},"1":{"start":{"line":5,"column":2},"end":{"line":5,"column":43}},"2":{"start":{"line":8,"column":60},"end":{"line":10,"column":1}},"3":{"start":{"line":9,"column":2},"end":{"line":9,"column":56}}},"fnMap":{"0":{"name":"(anonymous_0)","decl":{"start":{"line":4,"column":65},"end":{"line":4,"column":66}},"loc":{"start":{"line":5,"column":2},"end":{"line":5,"column":43}},"line":5},"1":{"name":"(anonymous_1)","decl":{"start":{"line":8,"column":60},"end":{"line":8,"column":61}},"loc":{"start":{"line":9,"column":2},"end":{"line":9,"column":56}},"line":9}},"branchMap":{},"s":{"0":1,"1":0,"2":1,"3":0},"f":{"0":0,"1":0},"b":{},"_coverageSchema":"1a1c01bbd47fc00a2c39e90264f33305004495a9","hash":"aeaa7a5d51a5bc7c96b6d046172b463906cdf27e"}
,"/Users/jacquesmetevier/wps/web/src/components/HFICell.tsx": {"path":"/Users/jacquesmetevier/wps/web/src/components/HFICell.tsx","statementMap":{"0":{"start":{"line":7,"column":15},"end":{"line":7,"column":24}},"1":{"start":{"line":9,"column":16},"end":{"line":11,"column":1}},"2":{"start":{"line":13,"column":19},"end":{"line":17,"column":1}},"3":{"start":{"line":19,"column":17},"end":{"line":21,"column":21}},"4":{"start":{"line":23,"column":25},"end":{"line":25,"column":50}},"5":{"start":{"line":27,"column":23},"end":{"line":29,"column":49}},"6":{"start":{"line":31,"column":20},"end":{"line":33,"column":49}},"7":{"start":{"line":40,"column":16},"end":{"line":52,"column":1}},"8":{"start":{"line":41,"column":2},"end":{"line":43,"column":3}},"9":{"start":{"line":42,"column":4},"end":{"line":42,"column":83}},"10":{"start":{"line":44,"column":2},"end":{"line":50,"column":3}},"11":{"start":{"line":45,"column":4},"end":{"line":45,"column":61}},"12":{"start":{"line":46,"column":9},"end":{"line":50,"column":3}},"13":{"start":{"line":47,"column":4},"end":{"line":47,"column":59}},"14":{"start":{"line":48,"column":9},"end":{"line":50,"column":3}},"15":{"start":{"line":49,"column":4},"end":{"line":49,"column":56}},"16":{"start":{"line":51,"column":2},"end":{"line":51,"column":51}}},"fnMap":{"0":{"name":"(anonymous_0)","decl":{"start":{"line":40,"column":16},"end":{"line":40,"column":17}},"loc":{"start":{"line":40,"column":53},"end":{"line":52,"column":1}},"line":40}},"branchMap":{"0":{"loc":{"start":{"line":41,"column":2},"end":{"line":43,"column":3}},"type":"if","locations":[{"start":{"line":41,"column":2},"end":{"line":43,"column":3}},{"start":{},"end":{}}],"line":41},"1":{"loc":{"start":{"line":41,"column":6},"end":{"line":41,"column":57}},"type":"binary-expr","locations":[{"start":{"line":41,"column":6},"end":{"line":41,"column":24}},{"start":{"line":41,"column":28},"end":{"line":41,"column":41}},{"start":{"line":41,"column":45},"end":{"line":41,"column":57}}],"line":41},"2":{"loc":{"start":{"line":44,"column":2},"end":{"line":50,"column":3}},"type":"if","locations":[{"start":{"line":44,"column":2},"end":{"line":50,"column":3}},{"start":{"line":46,"column":9},"end":{"line":50,"column":3}}],"line":44},"3":{"loc":{"start":{"line":44,"column":6},"end":{"line":44,"column":36}},"type":"binary-expr","locations":[{"start":{"line":44,"column":6},"end":{"line":44,"column":19}},{"start":{"line":44,"column":23},"end":{"line":44,"column":36}}],"line":44},"4":{"loc":{"start":{"line":46,"column":9},"end":{"line":50,"column":3}},"type":"if","locations":[{"start":{"line":46,"column":9},"end":{"line":50,"column":3}},{"start":{"line":48,"column":9},"end":{"line":50,"column":3}}],"line":46},"5":{"loc":{"start":{"line":46,"column":13},"end":{"line":46,"column":42}},"type":"binary-expr","locations":[{"start":{"line":46,"column":13},"end":{"line":46,"column":25}},{"start":{"line":46,"column":29},"end":{"line":46,"column":42}}],"line":46},"6":{"loc":{"start":{"line":48,"column":9},"end":{"line":50,"column":3}},"type":"if","locations":[{"start":{"line":48,"column":9},"end":{"line":50,"column":3}},{"start":{},"end":{}}],"line":48}},"s":{"0":3,"1":3,"2":3,"3":3,"4":3,"5":3,"6":3,"7":3,"8":7,"9":2,"10":5,"11":2,"12":3,"13":2,"14":1,"15":1,"16":0},"f":{"0":7},"b":{"0":[2,5],"1":[7,6,6],"2":[2,3],"3":[5,5],"4":[2,1],"5":[3,3],"6":[1,0]},"_coverageSchema":"1a1c01bbd47fc00a2c39e90264f33305004495a9","hash":"0a2a5062a1e9fbd81efe544da2693fdc91f36cc4"}
,"/Users/jacquesmetevier/wps/web/src/components/HeaderImage.tsx": {"path":"/Users/jacquesmetevier/wps/web/src/components/HeaderImage.tsx","statementMap":{"0":{"start":{"line":3,"column":15},"end":{"line":3,"column":28}},"1":{"start":{"line":5,"column":16},"end":{"line":7,"column":1}},"2":{"start":{"line":9,"column":13},"end":{"line":15,"column":2}},"3":{"start":{"line":17,"column":20},"end":{"line":23,"column":1}},"4":{"start":{"line":18,"column":2},"end":{"line":22,"column":3}}},"fnMap":{"0":{"name":"(anonymous_0)","decl":{"start":{"line":17,"column":20},"end":{"line":17,"column":21}},"loc":{"start":{"line":17,"column":26},"end":{"line":23,"column":1}},"line":17}},"branchMap":{},"s":{"0":1,"1":1,"2":1,"3":1,"4":0},"f":{"0":0},"b":{},"_coverageSchema":"1a1c01bbd47fc00a2c39e90264f33305004495a9","hash":"3640c70be19b47c096fb984fce4c6647e3966840"}
,"/Users/jacquesmetevier/wps/web/src/components/PageTitle.tsx": {"path":"/Users/jacquesmetevier/wps/web/src/components/PageTitle.tsx","statementMap":{"0":{"start":{"line":6,"column":15},"end":{"line":6,"column":26}},"1":{"start":{"line":8,"column":16},"end":{"line":10,"column":1}},"2":{"start":{"line":18,"column":57},"end":{"line":39,"column":1}},"3":{"start":{"line":19,"column":30},"end":{"line":19,"column":35}},"4":{"start":{"line":21,"column":15},"end":{"line":32,"column":5}},"5":{"start":{"line":21,"column":36},"end":{"line":32,"column":3}},"6":{"start":{"line":34,"column":2},"end":{"line":38,"column":3}}},"fnMap":{"0":{"name":"(anonymous_0)","decl":{"start":{"line":18,"column":57},"end":{"line":18,"column":58}},"loc":{"start":{"line":18,"column":75},"end":{"line":39,"column":1}},"line":18},"1":{"name":"(anonymous_1)","decl":{"start":{"line":21,"column":29},"end":{"line":21,"column":30}},"loc":{"start":{"line":21,"column":36},"end":{"line":32,"column":3}},"line":21}},"branchMap":{"0":{"loc":{"start":{"line":36,"column":7},"end":{"line":36,"column":115}},"type":"cond-expr","locations":[{"start":{"line":36,"column":32},"end":{"line":36,"column":82}},{"start":{"line":36,"column":85},"end":{"line":36,"column":115}}],"line":36}},"s":{"0":1,"1":1,"2":1,"3":0,"4":0,"5":0,"6":0},"f":{"0":0,"1":0},"b":{"0":[0,0]},"_coverageSchema":"1a1c01bbd47fc00a2c39e90264f33305004495a9","hash":"29200d18372ca493389589b675e31c863e189058"}
,"/Users/jacquesmetevier/wps/web/src/components/Slider.tsx": {"path":"/Users/jacquesmetevier/wps/web/src/components/Slider.tsx","statementMap":{"0":{"start":{"line":6,"column":24},"end":{"line":6,"column":105}},"1":{"start":{"line":8,"column":15},"end":{"line":74,"column":1}},"2":{"start":{"line":9,"column":2},"end":{"line":19,"column":4}}},"fnMap":{"0":{"name":"(anonymous_0)","decl":{"start":{"line":8,"column":22},"end":{"line":8,"column":23}},"loc":{"start":{"line":9,"column":2},"end":{"line":19,"column":4}},"line":9}},"branchMap":{},"s":{"0":1,"1":1,"2":0},"f":{"0":0},"b":{},"_coverageSchema":"1a1c01bbd47fc00a2c39e90264f33305004495a9","hash":"d7b9b40b8820ce265d36d9676749d4a7f8f7717e"}
,"/Users/jacquesmetevier/wps/web/src/components/StickyCell.tsx": {"path":"/Users/jacquesmetevier/wps/web/src/components/StickyCell.tsx","statementMap":{"0":{"start":{"line":6,"column":24},"end":{"line":13,"column":3}},"1":{"start":{"line":7,"column":29},"end":{"line":7,"column":82}},"2":{"start":{"line":8,"column":83},"end":{"line":13,"column":1}},"3":{"start":{"line":24,"column":19},"end":{"line":37,"column":1}},"4":{"start":{"line":25,"column":2},"end":{"line":36,"column":3}}},"fnMap":{"0":{"name":"(anonymous_0)","decl":{"start":{"line":7,"column":21},"end":{"line":7,"column":22}},"loc":{"start":{"line":7,"column":29},"end":{"line":7,"column":82}},"line":7},"1":{"name":"(anonymous_1)","decl":{"start":{"line":8,"column":3},"end":{"line":8,"column":4}},"loc":{"start":{"line":8,"column":83},"end":{"line":13,"column":1}},"line":8},"2":{"name":"(anonymous_2)","decl":{"start":{"line":24,"column":19},"end":{"line":24,"column":20}},"loc":{"start":{"line":24,"column":47},"end":{"line":37,"column":1}},"line":24}},"branchMap":{"0":{"loc":{"start":{"line":7,"column":29},"end":{"line":7,"column":82}},"type":"binary-expr","locations":[{"start":{"line":7,"column":29},"end":{"line":7,"column":52}},{"start":{"line":7,"column":56},"end":{"line":7,"column":82}}],"line":7},"1":{"loc":{"start":{"line":12,"column":19},"end":{"line":12,"column":76}},"type":"cond-expr","locations":[{"start":{"line":12,"column":43},"end":{"line":12,"column":64}},{"start":{"line":12,"column":67},"end":{"line":12,"column":76}}],"line":12}},"s":{"0":7,"1":28,"2":3,"3":7,"4":3},"f":{"0":28,"1":3,"2":3},"b":{"0":[28,25],"1":[0,3]},"_coverageSchema":"1a1c01bbd47fc00a2c39e90264f33305004495a9","hash":"9d916d2265909299f00b6dc8576696a2caf589ae"}
,"/Users/jacquesmetevier/wps/web/src/components/StyledFormControl.tsx": {"path":"/Users/jacquesmetevier/wps/web/src/components/StyledFormControl.tsx","statementMap":{"0":{"start":{"line":4,"column":33},"end":{"line":7,"column":2}}},"fnMap":{},"branchMap":{},"s":{"0":1},"f":{},"b":{},"_coverageSchema":"1a1c01bbd47fc00a2c39e90264f33305004495a9","hash":"b7a35a86991e67870307f9df80fe6a9164891695"}
,"/Users/jacquesmetevier/wps/web/src/components/WPSDatePicker.tsx": {"path":"/Users/jacquesmetevier/wps/web/src/components/WPSDatePicker.tsx","statementMap":{"0":{"start":{"line":17,"column":22},"end":{"line":50,"column":1}},"1":{"start":{"line":18,"column":42},"end":{"line":18,"column":79}},"2":{"start":{"line":20,"column":24},"end":{"line":28,"column":3}},"3":{"start":{"line":21,"column":4},"end":{"line":27,"column":5}},"4":{"start":{"line":22,"column":6},"end":{"line":22,"column":28}},"5":{"start":{"line":23,"column":6},"end":{"line":23,"column":29}},"6":{"start":{"line":24,"column":6},"end":{"line":26,"column":7}},"7":{"start":{"line":25,"column":8},"end":{"line":25,"column":38}},"8":{"start":{"line":30,"column":2},"end":{"line":49,"column":3}},"9":{"start":{"line":37,"column":10},"end":{"line":39,"column":11}},"10":{"start":{"line":38,"column":12},"end":{"line":38,"column":38}},"11":{"start":{"line":41,"column":30},"end":{"line":41,"column":55}}},"fnMap":{"0":{"name":"(anonymous_0)","decl":{"start":{"line":17,"column":22},"end":{"line":17,"column":23}},"loc":{"start":{"line":17,"column":53},"end":{"line":50,"column":1}},"line":17},"1":{"name":"(anonymous_1)","decl":{"start":{"line":20,"column":24},"end":{"line":20,"column":25}},"loc":{"start":{"line":20,"column":74},"end":{"line":28,"column":3}},"line":20},"2":{"name":"(anonymous_2)","decl":{"start":{"line":36,"column":18},"end":{"line":36,"column":19}},"loc":{"start":{"line":36,"column":49},"end":{"line":40,"column":9}},"line":36},"3":{"name":"(anonymous_3)","decl":{"start":{"line":41,"column":18},"end":{"line":41,"column":19}},"loc":{"start":{"line":41,"column":30},"end":{"line":41,"column":55}},"line":41}},"branchMap":{"0":{"loc":{"start":{"line":21,"column":4},"end":{"line":27,"column":5}},"type":"if","locations":[{"start":{"line":21,"column":4},"end":{"line":27,"column":5}},{"start":{},"end":{}}],"line":21},"1":{"loc":{"start":{"line":24,"column":6},"end":{"line":26,"column":7}},"type":"if","locations":[{"start":{"line":24,"column":6},"end":{"line":26,"column":7}},{"start":{},"end":{}}],"line":24},"2":{"loc":{"start":{"line":33,"column":15},"end":{"line":33,"column":48}},"type":"binary-expr","locations":[{"start":{"line":33,"column":15},"end":{"line":33,"column":26}},{"start":{"line":33,"column":30},"end":{"line":33,"column":48}}],"line":33},"3":{"loc":{"start":{"line":37,"column":10},"end":{"line":39,"column":11}},"type":"if","locations":[{"start":{"line":37,"column":10},"end":{"line":39,"column":11}},{"start":{},"end":{}}],"line":37},"4":{"loc":{"start":{"line":37,"column":14},"end":{"line":37,"column":51}},"type":"binary-expr","locations":[{"start":{"line":37,"column":14},"end":{"line":37,"column":31}},{"start":{"line":37,"column":35},"end":{"line":37,"column":51}}],"line":37}},"s":{"0":1,"1":0,"2":0,"3":0,"4":0,"5":0,"6":0,"7":0,"8":0,"9":0,"10":0,"11":0},"f":{"0":0,"1":0,"2":0,"3":0},"b":{"0":[0,0],"1":[0,0],"2":[0,0],"3":[0,0],"4":[0,0]},"_coverageSchema":"1a1c01bbd47fc00a2c39e90264f33305004495a9","hash":"0586f0e24ccc06fcefa61b4ee27e759392d149e5"}
,"/Users/jacquesmetevier/wps/web/src/components/index.ts": {"path":"/Users/jacquesmetevier/wps/web/src/components/index.ts","statementMap":{},"fnMap":{},"branchMap":{},"s":{},"f":{},"b":{},"_coverageSchema":"1a1c01bbd47fc00a2c39e90264f33305004495a9","hash":"b42adf64430f20feae65a6679716f0065a79f2fb"}
,"/Users/jacquesmetevier/wps/web/src/components/dateRangePicker/DateRangePicker.tsx": {"path":"/Users/jacquesmetevier/wps/web/src/components/dateRangePicker/DateRangePicker.tsx","statementMap":{"0":{"start":{"line":11,"column":50},"end":{"line":14,"column":1}},"1":{"start":{"line":27,"column":71},"end":{"line":125,"column":1}},"2":{"start":{"line":28,"column":16},"end":{"line":28,"column":26}},"3":{"start":{"line":30,"column":78},"end":{"line":30,"column":83}},"4":{"start":{"line":32,"column":23},"end":{"line":32,"column":43}},"5":{"start":{"line":33,"column":23},"end":{"line":33,"column":70}},"6":{"start":{"line":34,"column":50},"end":{"line":34,"column":120}},"7":{"start":{"line":35,"column":46},"end":{"line":35,"column":75}},"8":{"start":{"line":36,"column":36},"end":{"line":36,"column":86}},"9":{"start":{"line":37,"column":34},"end":{"line":37,"column":56}},"10":{"start":{"line":38,"column":38},"end":{"line":38,"column":86}},"11":{"start":{"line":39,"column":40},"end":{"line":39,"column":108}},"12":{"start":{"line":41,"column":33},"end":{"line":41,"column":42}},"13":{"start":{"line":44,"column":33},"end":{"line":48,"column":3}},"14":{"start":{"line":45,"column":4},"end":{"line":47,"column":5}},"15":{"start":{"line":46,"column":6},"end":{"line":46,"column":25}},"16":{"start":{"line":50,"column":34},"end":{"line":54,"column":3}},"17":{"start":{"line":51,"column":4},"end":{"line":53,"column":5}},"18":{"start":{"line":52,"column":6},"end":{"line":52,"column":26}},"19":{"start":{"line":56,"column":21},"end":{"line":67,"column":3}},"20":{"start":{"line":57,"column":4},"end":{"line":65,"column":5}},"21":{"start":{"line":58,"column":23},"end":{"line":58,"column":50}},"22":{"start":{"line":59,"column":6},"end":{"line":59,"column":24}},"23":{"start":{"line":60,"column":6},"end":{"line":60,"column":28}},"24":{"start":{"line":62,"column":6},"end":{"line":62,"column":58}},"25":{"start":{"line":63,"column":25},"end":{"line":63,"column":98}},"26":{"start":{"line":64,"column":6},"end":{"line":64,"column":46}},"27":{"start":{"line":66,"column":4},"end":{"line":66,"column":20}},"28":{"start":{"line":69,"column":26},"end":{"line":77,"column":3}},"29":{"start":{"line":70,"column":4},"end":{"line":76,"column":5}},"30":{"start":{"line":71,"column":23},"end":{"line":71,"column":52}},"31":{"start":{"line":72,"column":6},"end":{"line":72,"column":66}},"32":{"start":{"line":72,"column":43},"end":{"line":72,"column":66}},"33":{"start":{"line":74,"column":24},"end":{"line":74,"column":54}},"34":{"start":{"line":75,"column":6},"end":{"line":75,"column":68}},"35":{"start":{"line":75,"column":43},"end":{"line":75,"column":68}},"36":{"start":{"line":79,"column":21},"end":{"line":85,"column":3}},"37":{"start":{"line":80,"column":4},"end":{"line":84,"column":5}},"38":{"start":{"line":81,"column":6},"end":{"line":83,"column":7}},"39":{"start":{"line":82,"column":8},"end":{"line":82,"column":25}},"40":{"start":{"line":87,"column":25},"end":{"line":90,"column":3}},"41":{"start":{"line":88,"column":4},"end":{"line":88,"column":20}},"42":{"start":{"line":89,"column":4},"end":{"line":89,"column":42}},"43":{"start":{"line":93,"column":23},"end":{"line":98,"column":76}},"44":{"start":{"line":94,"column":4},"end":{"line":98,"column":76}},"45":{"start":{"line":100,"column":18},"end":{"line":102,"column":3}},"46":{"start":{"line":104,"column":19},"end":{"line":110,"column":3}},"47":{"start":{"line":112,"column":2},"end":{"line":124,"column":10}}},"fnMap":{"0":{"name":"(anonymous_0)","decl":{"start":{"line":27,"column":71},"end":{"line":27,"column":72}},"loc":{"start":{"line":27,"column":104},"end":{"line":125,"column":1}},"line":27},"1":{"name":"(anonymous_1)","decl":{"start":{"line":44,"column":33},"end":{"line":44,"column":34}},"loc":{"start":{"line":44,"column":49},"end":{"line":48,"column":3}},"line":44},"2":{"name":"(anonymous_2)","decl":{"start":{"line":50,"column":34},"end":{"line":50,"column":35}},"loc":{"start":{"line":50,"column":50},"end":{"line":54,"column":3}},"line":50},"3":{"name":"(anonymous_3)","decl":{"start":{"line":56,"column":21},"end":{"line":56,"column":22}},"loc":{"start":{"line":56,"column":36},"end":{"line":67,"column":3}},"line":56},"4":{"name":"(anonymous_4)","decl":{"start":{"line":69,"column":26},"end":{"line":69,"column":27}},"loc":{"start":{"line":69,"column":72},"end":{"line":77,"column":3}},"line":69},"5":{"name":"(anonymous_5)","decl":{"start":{"line":79,"column":21},"end":{"line":79,"column":22}},"loc":{"start":{"line":79,"column":37},"end":{"line":85,"column":3}},"line":79},"6":{"name":"(anonymous_6)","decl":{"start":{"line":87,"column":25},"end":{"line":87,"column":26}},"loc":{"start":{"line":87,"column":31},"end":{"line":90,"column":3}},"line":87},"7":{"name":"(anonymous_7)","decl":{"start":{"line":93,"column":23},"end":{"line":93,"column":24}},"loc":{"start":{"line":94,"column":4},"end":{"line":98,"column":76}},"line":94}},"branchMap":{"0":{"loc":{"start":{"line":34,"column":69},"end":{"line":34,"column":91}},"type":"binary-expr","locations":[{"start":{"line":34,"column":69},"end":{"line":34,"column":85}},{"start":{"line":34,"column":89},"end":{"line":34,"column":91}}],"line":34},"1":{"loc":{"start":{"line":38,"column":59},"end":{"line":38,"column":85}},"type":"binary-expr","locations":[{"start":{"line":38,"column":59},"end":{"line":38,"column":76}},{"start":{"line":38,"column":80},"end":{"line":38,"column":85}}],"line":38},"2":{"loc":{"start":{"line":39,"column":61},"end":{"line":39,"column":107}},"type":"binary-expr","locations":[{"start":{"line":39,"column":61},"end":{"line":39,"column":79}},{"start":{"line":39,"column":83},"end":{"line":39,"column":107}}],"line":39},"3":{"loc":{"start":{"line":45,"column":4},"end":{"line":47,"column
[...]
,"/Users/jacquesmetevier/wps/web/src/utils/fwi/dc.ts": {"path":"/Users/jacquesmetevier/wps/web/src/utils/fwi/dc.ts","statementMap":{"0":{"start":{"line":39,"column":14},"end":{"line":39,"column":22}},"1":{"start":{"line":40,"column":14},"end":{"line":40,"column":22}},"2":{"start":{"line":43,"column":15},"end":{"line":43,"column":78}},"3":{"start":{"line":45,"column":15},"end":{"line":45,"column":78}},"4":{"start":{"line":48,"column":2},"end":{"line":48,"column":34}},"5":{"start":{"line":51,"column":11},"end":{"line":51,"column":52}},"6":{"start":{"line":53,"column":2},"end":{"line":56,"column":3}},"7":{"start":{"line":54,"column":4},"end":{"line":54,"column":68}},"8":{"start":{"line":55,"column":4},"end":{"line":55,"column":70}},"9":{"start":{"line":58,"column":2},"end":{"line":58,"column":22}},"10":{"start":{"line":59,"column":13},"end":{"line":59,"column":17}},"11":{"start":{"line":61,"column":13},"end":{"line":61,"column":29}},"12":{"start":{"line":63,"column":14},"end":{"line":63,"column":44}},"13":{"start":{"line":65,"column":12},"end":{"line":65,"column":54}},"14":{"start":{"line":66,"column":2},"end":{"line":66,"column":25}},"15":{"start":{"line":68,"column":13},"end":{"line":68,"column":39}},"16":{"start":{"line":70,"column":12},"end":{"line":70,"column":19}},"17":{"start":{"line":71,"column":2},"end":{"line":71,"column":25}},"18":{"start":{"line":72,"column":2},"end":{"line":72,"column":12}}},"fnMap":{"0":{"name":"dc","decl":{"start":{"line":29,"column":16},"end":{"line":29,"column":18}},"loc":{"start":{"line":37,"column":10},"end":{"line":73,"column":1}},"line":37}},"branchMap":{"0":{"loc":{"start":{"line":36,"column":2},"end":{"line":36,"column":28}},"type":"default-arg","locations":[{"start":{"line":36,"column":24},"end":{"line":36,"column":28}}],"line":36},"1":{"loc":{"start":{"line":48,"column":9},"end":{"line":48,"column":34}},"type":"cond-expr","locations":[{"start":{"line":48,"column":23},"end":{"line":48,"column":27}},{"start":{"line":48,"column":30},"end":{"line":48,"column":34}}],"line":48},"2":{"loc":{"start":{"line":53,"column":2},"end":{"line":56,"column":3}},"type":"if","locations":[{"start":{"line":53,"column":2},"end":{"line":56,"column":3}},{"start":{},"end":{}}],"line":53},"3":{"loc":{"start":{"line":54,"column":9},"end":{"line":54,"column":68}},"type":"cond-expr","locations":[{"start":{"line":54,"column":22},"end":{"line":54,"column":63}},{"start":{"line":54,"column":66},"end":{"line":54,"column":68}}],"line":54},"4":{"loc":{"start":{"line":55,"column":9},"end":{"line":55,"column":70}},"type":"cond-expr","locations":[{"start":{"line":55,"column":34},"end":{"line":55,"column":65}},{"start":{"line":55,"column":68},"end":{"line":55,"column":70}}],"line":55},"5":{"loc":{"start":{"line":55,"column":9},"end":{"line":55,"column":31}},"type":"binary-expr","locations":[{"start":{"line":55,"column":9},"end":{"line":55,"column":18}},{"start":{"line":55,"column":22},"end":{"line":55,"column":31}}],"line":55},"6":{"loc":{"start":{"line":58,"column":7},"end":{"line":58,"column":22}},"type":"cond-expr","locations":[{"start":{"line":58,"column":16},"end":{"line":58,"column":17}},{"start":{"line":58,"column":20},"end":{"line":58,"column":22}}],"line":58},"7":{"loc":{"start":{"line":66,"column":8},"end":{"line":66,"column":25}},"type":"cond-expr","locations":[{"start":{"line":66,"column":18},"end":{"line":66,"column":19}},{"start":{"line":66,"column":22},"end":{"line":66,"column":25}}],"line":66},"8":{"loc":{"start":{"line":68,"column":13},"end":{"line":68,"column":39}},"type":"cond-expr","locations":[{"start":{"line":68,"column":27},"end":{"line":68,"column":33}},{"start":{"line":68,"column":36},"end":{"line":68,"column":39}}],"line":68},"9":{"loc":{"start":{"line":71,"column":8},"end":{"line":71,"column":25}},"type":"cond-expr","locations":[{"start":{"line":71,"column":18},"end":{"line":71,"column":19}},{"start":{"line":71,"column":22},"end":{"line":71,"column":25}}],"line":71}},"s":{"0":0,"1":0,"2":0,"3":0,"4":0,"5":0,"6":0,"7":0,"8":0,"9":0,"10":0,"11":0,"12":0,"13":0,"14":0,"15":0,"16":0,"17":0,"18":0},"f":{"0":0},"b":{"0":[0],"1":[0,0],"2":[0,0],"3":[0,0],"4":[0,0],"5":[0,0],"6":[0,0],"7":[0,0],"8":[0,0],"9":[0,0]}}
,"/Users/jacquesmetevier/wps/web/src/utils/fwi/dmc.ts": {"path":"/Users/jacquesmetevier/wps/web/src/utils/fwi/dmc.ts","statementMap":{"0":{"start":{"line":39,"column":14},"end":{"line":39,"column":22}},"1":{"start":{"line":40,"column":14},"end":{"line":40,"column":22}},"2":{"start":{"line":43,"column":16},"end":{"line":43,"column":73}},"3":{"start":{"line":45,"column":16},"end":{"line":45,"column":78}},"4":{"start":{"line":47,"column":16},"end":{"line":47,"column":78}},"5":{"start":{"line":49,"column":16},"end":{"line":49,"column":79}},"6":{"start":{"line":53,"column":2},"end":{"line":53,"column":34}},"7":{"start":{"line":55,"column":11},"end":{"line":55,"column":68}},"8":{"start":{"line":57,"column":2},"end":{"line":62,"column":3}},"9":{"start":{"line":58,"column":4},"end":{"line":58,"column":95}},"10":{"start":{"line":59,"column":4},"end":{"line":59,"column":97}},"11":{"start":{"line":60,"column":4},"end":{"line":60,"column":98}},"12":{"start":{"line":61,"column":4},"end":{"line":61,"column":83}},"13":{"start":{"line":65,"column":11},"end":{"line":65,"column":18}},"14":{"start":{"line":66,"column":2},"end":{"line":80,"column":3}},"15":{"start":{"line":67,"column":15},"end":{"line":67,"column":19}},"16":{"start":{"line":69,"column":15},"end":{"line":69,"column":31}},"17":{"start":{"line":71,"column":16},"end":{"line":71,"column":47}},"18":{"start":{"line":74,"column":6},"end":{"line":74,"column":119}},"19":{"start":{"line":76,"column":16},"end":{"line":76,"column":52}},"20":{"start":{"line":79,"column":4},"end":{"line":79,"column":41}},"21":{"start":{"line":82,"column":2},"end":{"line":82,"column":22}},"22":{"start":{"line":84,"column":13},"end":{"line":84,"column":20}},"23":{"start":{"line":85,"column":2},"end":{"line":85,"column":28}},"24":{"start":{"line":86,"column":2},"end":{"line":86,"column":13}}},"fnMap":{"0":{"name":"dmc","decl":{"start":{"line":29,"column":16},"end":{"line":29,"column":19}},"loc":{"start":{"line":37,"column":2},"end":{"line":87,"column":1}},"line":37}},"branchMap":{"0":{"loc":{"start":{"line":36,"column":2},"end":{"line":36,"column":28}},"type":"default-arg","locations":[{"start":{"line":36,"column":24},"end":{"line":36,"column":28}}],"line":36},"1":{"loc":{"start":{"line":53,"column":9},"end":{"line":53,"column":34}},"type":"cond-expr","locations":[{"start":{"line":53,"column":23},"end":{"line":53,"column":27}},{"start":{"line":53,"column":30},"end":{"line":53,"column":34}}],"line":53},"2":{"loc":{"start":{"line":57,"column":2},"end":{"line":62,"column":3}},"type":"if","locations":[{"start":{"line":57,"column":2},"end":{"line":62,"column":3}},{"start":{},"end":{}}],"line":57},"3":{"loc":{"start":{"line":58,"column":9},"end":{"line":58,"column":95}},"type":"cond-expr","locations":[{"start":{"line":58,"column":33},"end":{"line":58,"column":90}},{"start":{"line":58,"column":93},"end":{"line":58,"column":95}}],"line":58},"4":{"loc":{"start":{"line":58,"column":9},"end":{"line":58,"column":30}},"type":"binary-expr","locations":[{"start":{"line":58,"column":9},"end":{"line":58,"column":18}},{"start":{"line":58,"column":22},"end":{"line":58,"column":30}}],"line":58},"5":{"loc":{"start":{"line":59,"column":9},"end":{"line":59,"column":97}},"type":"cond-expr","locations":[{"start":{"line":59,"column":35},"end":{"line":59,"column":92}},{"start":{"line":59,"column":95},"end":{"line":59,"column":97}}],"line":59},"6":{"loc":{"start":{"line":59,"column":9},"end":{"line":59,"column":32}},"type":"binary-expr","locations":[{"start":{"line":59,"column":9},"end":{"line":59,"column":19}},{"start":{"line":59,"column":23},"end":{"line":59,"column":32}}],"line":59},"7":{"loc":{"start":{"line":60,"column":9},"end":{"line":60,"column":98}},"type":"cond-expr","locations":[{"start":{"line":60,"column":36},"end":{"line":60,"column":93}},{"start":{"line":60,"column":96},"end":{"line":60,"column":98}}],"line":60},"8":{"loc":{"start":{"line":60,"column":9},"end":{"line":60,"column":33}},"type":"binary-expr","locations":[{"start":{"line":60,"column":9},"end":{"line":60,"column":19}},{"start":{"line":60,"column":23},"end":{"line":60,"column":33}}],"line":60},"9":{"loc":{"start":{"line":61,"column":9},"end":{"line":61,"column":83}},"type":"cond-expr","locations":[{"start":{"line":61,"column":34},"end":{"line":61,"column":78}},{"start":{"line":61,"column":81},"end":{"line":61,"column":83}}],"line":61},"10":{"loc":{"start":{"line":61,"column":9},"end":{"line":61,"column":31}},"type":"binary-expr","locations":[{"start":{"line":61,"column":9},"end":{"line":61,"column":18}},{"start":{"line":61,"column":22},"end":{"line":61,"column":31}}],"line":61},"11":{"loc":{"start":{"line":66,"column":2},"end":{"line":80,"column":3}},"type":"if","locations":[{"start":{"line":66,"column":2},"end":{"line":80,"column":3}},{"start":{},"end":{}}],"line":66},"12":{"loc":{"start":{"line":74,"column":6},"end":{"line":74,"column":119}},"type":"cond-expr","locations":[{"start":{"line":74,"column":22},"end":{"line":74,"column":49}},{"start":{"line":74,"column":52},"end":{"line":74,"column":119}}],"line":74},"13":{"loc":{"start":{"line":74,"column":52},"end":{"line":74,"column":119}},"type":"cond-expr","locations":[{"start":{"line":74,"column":68},"end":{"line":74,"column":91}},{"start":{"line":74,"column":94},"end":{"line":74,"column":119}}],"line":74},"14":{"loc":{"start":{"line":82,"column":7},"end":{"line":82,"column":22}},"type":"cond-expr","locations":[{"start":{"line":82,"column":16},"end":{"line":82,"column":17}},{"start":{"line":82,"column":20},"end":{"line":82,"column":22}}],"line":82},"15":{"loc":{"start":{"line":85,"column":9},"end":{"line":85,"column":28}},"type":"cond-expr","locations":[{"start":{"line":85,"column":20},"end":{"line":85,"column":21}},{"start":{"line":85,"column":24},"end":{"line":85,"column":28}}],"line":85}},"s":{"0":0,"1":0,"2":0,"3":0,"4":0,"5":0,"6":0,"7":0,"8":0,"9":0,"10":0,"11":0,"12":0,"13":0,"14":0,"15":0,"16":0,"17":0,"18":0,"19":0,"20":0,"21":0,"22":0,"23":0,"24":0},"f":{"0":0},"b":{"0":[0],"1":[0,0],"2":[0,0],"3":[0,0],"4":[0,0],"5":[0,0],"6":[0,0],"7":[0,0],"8":[0,0],"9":[0,0],"10":[0,0],"11":[0,0],"12":[0,0],"13":[0,0],"14":[0,0],"15":[0,0]}}
,"/Users/jacquesmetevier/wps/web/src/utils/fwi/ffmc.ts": {"path":"/Users/jacquesmetevier/wps/web/src/utils/fwi/ffmc.ts","statementMap":{"0":{"start":{"line":30,"column":14},"end":{"line":30,"column":22}},"1":{"start":{"line":31,"column":15},"end":{"line":31,"column":24}},"2":{"start":{"line":33,"column":12},"end":{"line":33,"column":62}},"3":{"start":{"line":36,"column":13},"end":{"line":36,"column":43}},"4":{"start":{"line":38,"column":2},"end":{"line":45,"column":11}},"5":{"start":{"line":48,"column":2},"end":{"line":48,"column":29}},"6":{"start":{"line":50,"column":13},"end":{"line":50,"column":111}},"7":{"start":{"line":52,"column":13},"end":{"line":52,"column":111}},"8":{"start":{"line":56,"column":4},"end":{"line":56,"column":120}},"9":{"start":{"line":58,"column":10},"end":{"line":58,"column":40}},"10":{"start":{"line":60,"column":11},"end":{"line":60,"column":65}},"11":{"start":{"line":63,"column":2},"end":{"line":63,"column":96}},"12":{"start":{"line":65,"column":2},"end":{"line":65,"column":36}},"13":{"start":{"line":67,"column":2},"end":{"line":67,"column":48}},"14":{"start":{"line":69,"column":14},"end":{"line":69,"column":52}},"15":{"start":{"line":71,"column":2},"end":{"line":71,"column":35}},"16":{"start":{"line":72,"column":2},"end":{"line":72,"column":31}},"17":{"start":{"line":73,"column":2},"end":{"line":73,"column":14}}},"fnMap":{"0":{"name":"ffmc","decl":{"start":{"line":28,"column":16},"end":{"line":28,"column":20}},"loc":{"start":{"line":28,"column":99},"end":{"line":74,"column":1}},"line":28}},"branchMap":{"0":{"loc":{"start":{"line":36,"column":13},"end":{"line":36,"column":43}},"type":"cond-expr","locations":[{"start":{"line":36,"column":26},"end":{"line":36,"column":36}},{"start":{"line":36,"column":39},"end":{"line":36,"column":43}}],"line":36},"1":{"loc":{"start":{"line":39,"column":4},"end":{"line":45,"column":11}},"type":"cond-expr","locations":[{"start":{"line":40,"column":8},"end":{"line":44,"column":75}},{"start":{"line":45,"column":8},"end":{"line":45,"column":11}}],"line":39},"2":{"loc":{"start":{"line":40,"column":8},"end":{"line":44,"column":75}},"type":"cond-expr","locations":[{"start":{"line":41,"column":10},"end":{"line":43,"column":69}},{"start":{"line":44,"column":10},"end":{"line":44,"column":75}}],"line":40},"3":{"loc":{"start":{"line":48,"column":8},"end":{"line":48,"column":29}},"type":"cond-expr","locations":[{"start":{"line":48,"column":20},"end":{"line":48,"column":23}},{"start":{"line":48,"column":26},"end":{"line":48,"column":29}}],"line":48},"4":{"loc":{"start":{"line":56,"column":4},"end":{"line":56,"column":120}},"type":"cond-expr","locations":[{"start":{"line":56,"column":27},"end":{"line":56,"column":116}},{"start":{"line":56,"column":119},"end":{"line":56,"column":120}}],"line":56},"5":{"loc":{"start":{"line":56,"column":4},"end":{"line":56,"column":24}},"type":"binary-expr","locations":[{"start":{"line":56,"column":4},"end":{"line":56,"column":12}},{"start":{"line":56,"column":16},"end":{"line":56,"column":24}}],"line":56},"6":{"loc":{"start":{"line":60,"column":11},"end":{"line":60,"column":65}},"type":"cond-expr","locations":[{"start":{"line":60,"column":34},"end":{"line":60,"column":59}},{"start":{"line":60,"column":62},"end":{"line":60,"column":65}}],"line":60},"7":{"loc":{"start":{"line":60,"column":11},"end":{"line":60,"column":31}},"type":"binary-expr","locations":[{"start":{"line":60,"column":11},"end":{"line":60,"column":19}},{"start":{"line":60,"column":23},"end":{"line":60,"column":31}}],"line":60},"8":{"loc":{"start":{"line":63,"column":6},"end":{"line":63,"column":96}},"type":"cond-expr","locations":[{"start":{"line":63,"column":17},"end":{"line":63,"column":92}},{"start":{"line":63,"column":95},"end":{"line":63,"column":96}}],"line":63},"9":{"loc":{"start":{"line":67,"column":7},"end":{"line":67,"column":48}},"type":"cond-expr","locations":[{"start":{"line":67,"column":18},"end":{"line":67,"column":43}},{"start":{"line":67,"column":46},"end":{"line":67,"column":48}}],"line":67},"10":{"loc":{"start":{"line":71,"column":10},"end":{"line":71,"column":35}},"type":"cond-expr","locations":[{"start":{"line":71,"column":24},"end":{"line":71,"column":27}},{"start":{"line":71,"column":30},"end":{"line":71,"column":35}}],"line":71},"11":{"loc":{"start":{"line":72,"column":10},"end":{"line":72,"column":31}},"type":"cond-expr","locations":[{"start":{"line":72,"column":22},"end":{"line":72,"column":23}},{"start":{"line":72,"column":26},"end":{"line":72,"column":31}}],"line":72}},"s":{"0":0,"1":0,"2":0,"3":0,"4":0,"5":0,"6":0,"7":0,"8":0,"9":0,"10":0,"11":0,"12":0,"13":0,"14":0,"15":0,"16":0,"17":0},"f":{"0":0},"b":{"0":[0,0],"1":[0,0],"2":[0,0],"3":[0,0],"4":[0,0],"5":[0,0],"6":[0,0],"7":[0,0],"8":[0,0],"9":[0,0],"10":[0,0],"11":[0,0]}}
,"/Users/jacquesmetevier/wps/web/src/utils/fwi/fwi.ts": {"path":"/Users/jacquesmetevier/wps/web/src/utils/fwi/fwi.ts","statementMap":{"0":{"start":{"line":26,"column":14},"end":{"line":26,"column":22}},"1":{"start":{"line":27,"column":14},"end":{"line":27,"column":22}},"2":{"start":{"line":29,"column":13},"end":{"line":29,"column":118}},"3":{"start":{"line":31,"column":15},"end":{"line":31,"column":68}},"4":{"start":{"line":32,"column":2},"end":{"line":32,"column":13}}},"fnMap":{"0":{"name":"fwi","decl":{"start":{"line":24,"column":16},"end":{"line":24,"column":19}},"loc":{"start":{"line":24,"column":46},"end":{"line":33,"column":1}},"line":24}},"branchMap":{"0":{"loc":{"start":{"line":29,"column":13},"end":{"line":29,"column":118}},"type":"cond-expr","locations":[{"start":{"line":29,"column":24},"end":{"line":29,"column":77}},{"start":{"line":29,"column":80},"end":{"line":29,"column":118}}],"line":29},"1":{"loc":{"start":{"line":31,"column":15},"end":{"line":31,"column":68}},"type":"cond-expr","locations":[{"start":{"line":31,"column":25},"end":{"line":31,"column":27}},{"start":{"line":31,"column":30},"end":{"line":31,"column":68}}],"line":31}},"s":{"0":0,"1":0,"2":0,"3":0,"4":0},"f":{"0":0},"b":{"0":[0,0],"1":[0,0]}}
,"/Users/jacquesmetevier/wps/web/src/utils/fwi/index.ts": {"path":"/Users/jacquesmetevier/wps/web/src/utils/fwi/index.ts","statementMap":{},"fnMap":{},"branchMap":{},"s":{},"f":{},"b":{}}
,"/Users/jacquesmetevier/wps/web/src/utils/fwi/isi.ts": {"path":"/Users/jacquesmetevier/wps/web/src/utils/fwi/isi.ts","statementMap":{"0":{"start":{"line":23,"column":14},"end":{"line":23,"column":22}},"1":{"start":{"line":25,"column":13},"end":{"line":25,"column":55}},"2":{"start":{"line":29,"column":13},"end":{"line":29,"column":89}},"3":{"start":{"line":31,"column":13},"end":{"line":31,"column":67}},"4":{"start":{"line":33,"column":15},"end":{"line":33,"column":30}},"5":{"start":{"line":34,"column":2},"end":{"line":34,"column":13}}},"fnMap":{"0":{"name":"isi","decl":{"start":{"line":21,"column":16},"end":{"line":21,"column":19}},"loc":{"start":{"line":21,"column":71},"end":{"line":35,"column":1}},"line":21}},"branchMap":{"0":{"loc":{"start":{"line":21,"column":46},"end":{"line":21,"column":69}},"type":"default-arg","locations":[{"start":{"line":21,"column":64},"end":{"line":21,"column":69}}],"line":21},"1":{"loc":{"start":{"line":29,"column":13},"end":{"line":29,"column":89}},"type":"cond-expr","locations":[{"start":{"line":29,"column":34},"end":{"line":29,"column":69}},{"start":{"line":29,"column":72},"end":{"line":29,"column":89}}],"line":29},"2":{"loc":{"start":{"line":29,"column":13},"end":{"line":29,"column":31}},"type":"binary-expr","locations":[{"start":{"line":29,"column":13},"end":{"line":29,"column":21}},{"start":{"line":29,"column":25},"end":{"line":29,"column":31}}],"line":29}},"s":{"0":0,"1":0,"2":0,"3":0,"4":0,"5":0},"f":{"0":0},"b":{"0":[0],"1":[0,0],"2":[0,0]}}
}
